I'll send 105 ships from planet Planet:2, owner: 1, ships: 105 to planet Planet:1, owner: 0, ships: 91
   1: Player 1 launched 105 (left 0) ships from planet 2 to planet 1
I'll send 5 ships from planet Planet:2, owner: 1, ships: 5 to planet Planet:1, owner: 0, ships: 91
   2: Player 1 launched 5 (left 0) ships from planet 2 to planet 1
I'll send 5 ships from planet Planet:2, owner: 1, ships: 5 to planet Planet:1, owner: 0, ships: 91
   3: Player 1 launched 5 (left 0) ships from planet 2 to planet 1
I'll send 5 ships from planet Planet:2, owner: 1, ships: 5 to planet Planet:1, owner: 0, ships: 91
   4: Player 1 launched 5 (left 0) ships from planet 2 to planet 1
I'll send 5 ships from planet Planet:2, owner: 1, ships: 5 to planet Planet:1, owner: 0, ships: 91
   5: Player 1 launched 5 (left 0) ships from planet 2 to planet 1
I'll send 5 ships from planet Planet:2, owner: 1, ships: 5 to planet Planet:1, owner: 0, ships: 91
   6: Player 1 launched 5 (left 0) ships from planet 2 to planet 1
I'll send 5 ships from planet Planet:2, owner: 1, ships: 5 to planet Planet:1, owner: 0, ships: 91
   7: Player 1 launched 5 (left 0) ships from planet 2 to planet 1
I'll send 5 ships from planet Planet:2, owner: 1, ships: 5 to planet Planet:1, owner: 0, ships: 91
   8: Player 1 launched 5 (left 0) ships from planet 2 to planet 1
I'll send 5 ships from planet Planet:2, owner: 1, ships: 5 to planet Planet:1, owner: 0, ships: 91
   9: Player 1 launched 5 (left 0) ships from planet 2 to planet 1
I'll send 14 ships from planet Planet:1, owner: 1, ships: 14 to planet Planet:3, owner: 2, ships: 100
  10: Player 1 launched 14 (left 0) ships from planet 1 to planet 3
I'll send 10 ships from planet Planet:1, owner: 1, ships: 10 to planet Planet:3, owner: 2, ships: 100
  11: Player 1 launched 10 (left 0) ships from planet 1 to planet 3
I'll send 10 ships from planet Planet:1, owner: 1, ships: 10 to planet Planet:3, owner: 2, ships: 100
  12: Player 1 launched 10 (left 0) ships from planet 1 to planet 3
I'll send 10 ships from planet Planet:1, owner: 1, ships: 10 to planet Planet:3, owner: 2, ships: 100
  13: Player 1 launched 10 (left 0) ships from planet 1 to planet 3
I'll send 10 ships from planet Planet:1, owner: 1, ships: 10 to planet Planet:3, owner: 2, ships: 100
  14: Player 1 launched 10 (left 0) ships from planet 1 to planet 3
I'll send 10 ships from planet Planet:1, owner: 1, ships: 10 to planet Planet:3, owner: 2, ships: 100
  15: Player 1 launched 10 (left 0) ships from planet 1 to planet 3
I'll send 10 ships from planet Planet:1, owner: 1, ships: 10 to planet Planet:3, owner: 2, ships: 100
  16: Player 1 launched 10 (left 0) ships from planet 1 to planet 3
I'll send 10 ships from planet Planet:1, owner: 1, ships: 10 to planet Planet:3, owner: 2, ships: 31
  17: Player 1 launched 10 (left 0) ships from planet 1 to planet 3
I'll send 10 ships from planet Planet:1, owner: 1, ships: 10 to planet Planet:3, owner: 2, ships: 36
  18: Player 1 launched 10 (left 0) ships from planet 1 to planet 3
I'll send 5 ships from planet Planet:1, owner: 1, ships: 5 to planet Planet:3, owner: 2, ships: 27
  19: Player 1 launched 5 (left 0) ships from planet 1 to planet 3
I'll send 5 ships from planet Planet:1, owner: 1, ships: 5 to planet Planet:3, owner: 2, ships: 22
  20: Player 1 launched 5 (left 0) ships from planet 1 to planet 3
I'll send 5 ships from planet Planet:1, owner: 1, ships: 5 to planet Planet:3, owner: 2, ships: 17
  21: Player 1 launched 5 (left 0) ships from planet 1 to planet 3
I'll send 5 ships from planet Planet:1, owner: 1, ships: 5 to planet Planet:3, owner: 2, ships: 12
  22: Player 1 launched 5 (left 0) ships from planet 1 to planet 3
I'll send 5 ships from planet Planet:1, owner: 1, ships: 5 to planet Planet:3, owner: 2, ships: 7
  23: Player 1 launched 5 (left 0) ships from planet 1 to planet 3
I'll send 5 ships from planet Planet:1, owner: 1, ships: 5 to planet Planet:3, owner: 2, ships: 2
  24: Player 1 launched 5 (left 0) ships from planet 1 to planet 3
I'll send 5 ships from planet Planet:1, owner: 1, ships: 5 to planet Planet:4, owner: 0, ships: 60
  25: Player 1 launched 5 (left 0) ships from planet 1 to planet 4
I'll send 5 ships from planet Planet:1, owner: 1, ships: 5 to planet Planet:4, owner: 0, ships: 60
  26: Player 1 launched 5 (left 0) ships from planet 1 to planet 4
I'll send 5 ships from planet Planet:1, owner: 1, ships: 5 to planet Planet:4, owner: 0, ships: 60
  27: Player 1 launched 5 (left 0) ships from planet 1 to planet 4
I'll send 5 ships from planet Planet:1, owner: 1, ships: 5 to planet Planet:4, owner: 0, ships: 60
  28: Player 1 launched 5 (left 0) ships from planet 1 to planet 4
I'll send 5 ships from planet Planet:1, owner: 1, ships: 5 to planet Planet:4, owner: 0, ships: 60
  29: Player 1 launched 5 (left 0) ships from planet 1 to planet 4
I'll send 5 ships from planet Planet:1, owner: 1, ships: 5 to planet Planet:4, owner: 0, ships: 60
  30: Player 1 launched 5 (left 0) ships from planet 1 to planet 4
I'll send 5 ships from planet Planet:1, owner: 1, ships: 5 to planet Planet:4, owner: 0, ships: 60
  31: Player 1 launched 5 (left 0) ships from planet 1 to planet 4
I'll send 5 ships from planet Planet:1, owner: 1, ships: 5 to planet Planet:4, owner: 0, ships: 60
  32: Player 1 launched 5 (left 0) ships from planet 1 to planet 4
I'll send 5 ships from planet Planet:1, owner: 1, ships: 5 to planet Planet:4, owner: 0, ships: 60
  33: Player 1 launched 5 (left 0) ships from planet 1 to planet 4
I'll send 5 ships from planet Planet:1, owner: 1, ships: 5 to planet Planet:4, owner: 0, ships: 60
  34: Player 1 launched 5 (left 0) ships from planet 1 to planet 4
I'll send 5 ships from planet Planet:1, owner: 1, ships: 5 to planet Planet:4, owner: 0, ships: 55
  35: Player 1 launched 5 (left 0) ships from planet 1 to planet 4
I'll send 5 ships from planet Planet:1, owner: 1, ships: 5 to planet Planet:4, owner: 0, ships: 50
  36: Player 1 launched 5 (left 0) ships from planet 1 to planet 4
I'll send 5 ships from planet Planet:1, owner: 1, ships: 5 to planet Planet:4, owner: 0, ships: 45
  37: Player 1 launched 5 (left 0) ships from planet 1 to planet 4
I'll send 5 ships from planet Planet:1, owner: 1, ships: 5 to planet Planet:4, owner: 0, ships: 40
  38: Player 1 launched 5 (left 0) ships from planet 1 to planet 4
I'll send 5 ships from planet Planet:1, owner: 1, ships: 5 to planet Planet:4, owner: 0, ships: 35
  39: Player 1 launched 5 (left 0) ships from planet 1 to planet 4
I'll send 5 ships from planet Planet:1, owner: 1, ships: 5 to planet Planet:4, owner: 0, ships: 30
  40: Player 1 launched 5 (left 0) ships from planet 1 to planet 4
I'll send 5 ships from planet Planet:1, owner: 1, ships: 5 to planet Planet:4, owner: 0, ships: 25
  41: Player 1 launched 5 (left 0) ships from planet 1 to planet 4
I'll send 5 ships from planet Planet:1, owner: 1, ships: 5 to planet Planet:4, owner: 0, ships: 20
  42: Player 1 launched 5 (left 0) ships from planet 1 to planet 4
I'll send 5 ships from planet Planet:1, owner: 1, ships: 5 to planet Planet:4, owner: 0, ships: 15
  43: Player 1 launched 5 (left 0) ships from planet 1 to planet 4
I'll send 5 ships from planet Planet:1, owner: 1, ships: 5 to planet Planet:4, owner: 0, ships: 10
  44: Player 1 launched 5 (left 0) ships from planet 1 to planet 4
I'll send 5 ships from planet Planet:1, owner: 1, ships: 5 to planet Planet:4, owner: 0, ships: 5
  45: Player 1 launched 5 (left 0) ships from planet 1 to planet 4
I'll send 5 ships from planet Planet:1, owner: 1, ships: 5 to planet Planet:5, owner: 0, ships: 60
  46: Player 1 launched 5 (left 0) ships from planet 1 to planet 5
I'll send 5 ships from planet Planet:1, owner: 1, ships: 5 to planet Planet:5, owner: 0, ships: 60
  47: Player 1 launched 5 (left 0) ships from planet 1 to planet 5
I'll send 5 ships from planet Planet:1, owner: 1, ships: 5 to planet Planet:5, owner: 0, ships: 60
  48: Player 1 launched 5 (left 0) ships from planet 1 to planet 5
I'll send 5 ships from planet Planet:1, owner: 1, ships: 5 to planet Planet:5, owner: 0, ships: 60
  49: Player 1 launched 5 (left 0) ships from planet 1 to planet 5
I'll send 5 ships from planet Planet:1, owner: 1, ships: 5 to planet Planet:5, owner: 0, ships: 60
  50: Player 1 launched 5 (left 0) ships from planet 1 to planet 5
I'll send 5 ships from planet Planet:1, owner: 1, ships: 5 to planet Planet:5, owner: 0, ships: 60
  51: Player 1 launched 5 (left 0) ships from planet 1 to planet 5
I'll send 5 ships from planet Planet:1, owner: 1, ships: 5 to planet Planet:5, owner: 0, ships: 60
  52: Player 1 launched 5 (left 0) ships from planet 1 to planet 5
I'll send 5 ships from planet Planet:1, owner: 1, ships: 5 to planet Planet:5, owner: 0, ships: 60
  53: Player 1 launched 5 (left 0) ships from planet 1 to planet 5
I'll send 5 ships from planet Planet:1, owner: 1, ships: 5 to planet Planet:5, owner: 0, ships: 60
  54: Player 1 launched 5 (left 0) ships from planet 1 to planet 5
I'll send 5 ships from planet Planet:1, owner: 1, ships: 5 to planet Planet:5, owner: 0, ships: 60
  55: Player 1 launched 5 (left 0) ships from planet 1 to planet 5
I'll send 5 ships from planet Planet:1, owner: 1, ships: 5 to planet Planet:5, owner: 0, ships: 55
  56: Player 1 launched 5 (left 0) ships from planet 1 to planet 5
I'll send 5 ships from planet Planet:1, owner: 1, ships: 5 to planet Planet:5, owner: 0, ships: 50
  57: Player 1 launched 5 (left 0) ships from planet 1 to planet 5
I'll send 5 ships from planet Planet:1, owner: 1, ships: 5 to planet Planet:5, owner: 0, ships: 45
  58: Player 1 launched 5 (left 0) ships from planet 1 to planet 5
I'll send 5 ships from planet Planet:1, owner: 1, ships: 5 to planet Planet:5, owner: 0, ships: 40
  59: Player 1 launched 5 (left 0) ships from planet 1 to planet 5
I'll send 5 ships from planet Planet:1, owner: 1, ships: 5 to planet Planet:5, owner: 0, ships: 35
  60: Player 1 launched 5 (left 0) ships from planet 1 to planet 5
I'll send 5 ships from planet Planet:1, owner: 1, ships: 5 to planet Planet:5, owner: 0, ships: 30
  61: Player 1 launched 5 (left 0) ships from planet 1 to planet 5
I'll send 5 ships from planet Planet:1, owner: 1, ships: 5 to planet Planet:5, owner: 0, ships: 25
  62: Player 1 launched 5 (left 0) ships from planet 1 to planet 5
I'll send 5 ships from planet Planet:1, owner: 1, ships: 5 to planet Planet:5, owner: 0, ships: 20
  63: Player 1 launched 5 (left 0) ships from planet 1 to planet 5
I'll send 5 ships from planet Planet:1, owner: 1, ships: 5 to planet Planet:5, owner: 0, ships: 15
  64: Player 1 launched 5 (left 0) ships from planet 1 to planet 5
I'll send 5 ships from planet Planet:1, owner: 1, ships: 5 to planet Planet:5, owner: 0, ships: 10
  65: Player 1 launched 5 (left 0) ships from planet 1 to planet 5
I'll send 5 ships from planet Planet:1, owner: 1, ships: 5 to planet Planet:5, owner: 0, ships: 5
  66: Player 1 launched 5 (left 0) ships from planet 1 to planet 5
I'll send 5 ships from planet Planet:1, owner: 1, ships: 5 to planet Planet:6, owner: 0, ships: 72
  67: Player 1 launched 5 (left 0) ships from planet 1 to planet 6
I'll send 5 ships from planet Planet:1, owner: 1, ships: 5 to planet Planet:6, owner: 0, ships: 72
  68: Player 1 launched 5 (left 0) ships from planet 1 to planet 6
I'll send 5 ships from planet Planet:1, owner: 1, ships: 5 to planet Planet:6, owner: 0, ships: 72
  69: Player 1 launched 5 (left 0) ships from planet 1 to planet 6
I'll send 5 ships from planet Planet:1, owner: 1, ships: 5 to planet Planet:6, owner: 0, ships: 72
  70: Player 1 launched 5 (left 0) ships from planet 1 to planet 6
I'll send 5 ships from planet Planet:1, owner: 1, ships: 5 to planet Planet:6, owner: 0, ships: 72
  71: Player 1 launched 5 (left 0) ships from planet 1 to planet 6
I'll send 5 ships from planet Planet:1, owner: 1, ships: 5 to planet Planet:6, owner: 0, ships: 72
  72: Player 1 launched 5 (left 0) ships from planet 1 to planet 6
I'll send 5 ships from planet Planet:1, owner: 1, ships: 5 to planet Planet:6, owner: 0, ships: 72
  73: Player 1 launched 5 (left 0) ships from planet 1 to planet 6
I'll send 5 ships from planet Planet:1, owner: 1, ships: 5 to planet Planet:6, owner: 0, ships: 72
  74: Player 1 launched 5 (left 0) ships from planet 1 to planet 6
I'll send 5 ships from planet Planet:1, owner: 1, ships: 5 to planet Planet:6, owner: 0, ships: 67
  75: Player 1 launched 5 (left 0) ships from planet 1 to planet 6
I'll send 5 ships from planet Planet:1, owner: 1, ships: 5 to planet Planet:6, owner: 0, ships: 62
  76: Player 1 launched 5 (left 0) ships from planet 1 to planet 6
I'll send 5 ships from planet Planet:1, owner: 1, ships: 5 to planet Planet:6, owner: 0, ships: 57
  77: Player 1 launched 5 (left 0) ships from planet 1 to planet 6
I'll send 5 ships from planet Planet:1, owner: 1, ships: 5 to planet Planet:6, owner: 0, ships: 52
  78: Player 1 launched 5 (left 0) ships from planet 1 to planet 6
I'll send 5 ships from planet Planet:1, owner: 1, ships: 5 to planet Planet:6, owner: 0, ships: 47
  79: Player 1 launched 5 (left 0) ships from planet 1 to planet 6
I'll send 5 ships from planet Planet:1, owner: 1, ships: 5 to planet Planet:6, owner: 0, ships: 42
  80: Player 1 launched 5 (left 0) ships from planet 1 to planet 6
I'll send 5 ships from planet Planet:1, owner: 1, ships: 5 to planet Planet:6, owner: 0, ships: 37
  81: Player 1 launched 5 (left 0) ships from planet 1 to planet 6
I'll send 5 ships from planet Planet:1, owner: 1, ships: 5 to planet Planet:6, owner: 0, ships: 32
  82: Player 1 launched 5 (left 0) ships from planet 1 to planet 6
I'll send 5 ships from planet Planet:1, owner: 1, ships: 5 to planet Planet:6, owner: 0, ships: 27
  83: Player 1 launched 5 (left 0) ships from planet 1 to planet 6
I'll send 5 ships from planet Planet:1, owner: 1, ships: 5 to planet Planet:6, owner: 0, ships: 22
  84: Player 1 launched 5 (left 0) ships from planet 1 to planet 6
I'll send 5 ships from planet Planet:1, owner: 1, ships: 5 to planet Planet:6, owner: 0, ships: 17
  85: Player 1 launched 5 (left 0) ships from planet 1 to planet 6
I'll send 5 ships from planet Planet:1, owner: 1, ships: 5 to planet Planet:6, owner: 0, ships: 12
  86: Player 1 launched 5 (left 0) ships from planet 1 to planet 6
I'll send 5 ships from planet Planet:1, owner: 1, ships: 5 to planet Planet:6, owner: 0, ships: 7
  87: Player 1 launched 5 (left 0) ships from planet 1 to planet 6
I'll send 5 ships from planet Planet:1, owner: 1, ships: 5 to planet Planet:6, owner: 0, ships: 2
  88: Player 1 launched 5 (left 0) ships from planet 1 to planet 6
I'll send 5 ships from planet Planet:1, owner: 1, ships: 5 to planet Planet:7, owner: 0, ships: 72
  89: Player 1 launched 5 (left 0) ships from planet 1 to planet 7
I'll send 5 ships from planet Planet:1, owner: 1, ships: 5 to planet Planet:7, owner: 0, ships: 72
  90: Player 1 launched 5 (left 0) ships from planet 1 to planet 7
I'll send 5 ships from planet Planet:1, owner: 1, ships: 5 to planet Planet:7, owner: 0, ships: 72
  91: Player 1 launched 5 (left 0) ships from planet 1 to planet 7
I'll send 5 ships from planet Planet:1, owner: 1, ships: 5 to planet Planet:7, owner: 0, ships: 72
  92: Player 1 launched 5 (left 0) ships from planet 1 to planet 7
I'll send 5 ships from planet Planet:1, owner: 1, ships: 5 to planet Planet:7, owner: 0, ships: 72
  93: Player 1 launched 5 (left 0) ships from planet 1 to planet 7
I'll send 5 ships from planet Planet:1, owner: 1, ships: 5 to planet Planet:7, owner: 0, ships: 72
  94: Player 1 launched 5 (left 0) ships from planet 1 to planet 7
I'll send 5 ships from planet Planet:1, owner: 1, ships: 5 to planet Planet:7, owner: 0, ships: 72
  95: Player 1 launched 5 (left 0) ships from planet 1 to planet 7
I'll send 5 ships from planet Planet:1, owner: 1, ships: 5 to planet Planet:7, owner: 0, ships: 72
  96: Player 1 launched 5 (left 0) ships from planet 1 to planet 7
I'll send 5 ships from planet Planet:1, owner: 1, ships: 5 to planet Planet:7, owner: 0, ships: 67
  97: Player 1 launched 5 (left 0) ships from planet 1 to planet 7
I'll send 5 ships from planet Planet:1, owner: 1, ships: 5 to planet Planet:7, owner: 0, ships: 62
  98: Player 1 launched 5 (left 0) ships from planet 1 to planet 7
I'll send 5 ships from planet Planet:1, owner: 1, ships: 5 to planet Planet:7, owner: 0, ships: 57
  99: Player 1 launched 5 (left 0) ships from planet 1 to planet 7
I'll send 5 ships from planet Planet:1, owner: 1, ships: 5 to planet Planet:7, owner: 0, ships: 52
 100: Player 1 launched 5 (left 0) ships from planet 1 to planet 7
I'll send 5 ships from planet Planet:1, owner: 1, ships: 5 to planet Planet:7, owner: 0, ships: 47
 101: Player 1 launched 5 (left 0) ships from planet 1 to planet 7
I'll send 5 ships from planet Planet:1, owner: 1, ships: 5 to planet Planet:7, owner: 0, ships: 42
 102: Player 1 launched 5 (left 0) ships from planet 1 to planet 7
I'll send 5 ships from planet Planet:1, owner: 1, ships: 5 to planet Planet:7, owner: 0, ships: 37
 103: Player 1 launched 5 (left 0) ships from planet 1 to planet 7
I'll send 5 ships from planet Planet:1, owner: 1, ships: 5 to planet Planet:7, owner: 0, ships: 32
 104: Player 1 launched 5 (left 0) ships from planet 1 to planet 7
I'll send 5 ships from planet Planet:1, owner: 1, ships: 5 to planet Planet:7, owner: 0, ships: 27
 105: Player 1 launched 5 (left 0) ships from planet 1 to planet 7
I'll send 5 ships from planet Planet:1, owner: 1, ships: 5 to planet Planet:7, owner: 0, ships: 22
 106: Player 1 launched 5 (left 0) ships from planet 1 to planet 7
I'll send 5 ships from planet Planet:1, owner: 1, ships: 5 to planet Planet:7, owner: 0, ships: 17
 107: Player 1 launched 5 (left 0) ships from planet 1 to planet 7
I'll send 5 ships from planet Planet:1, owner: 1, ships: 5 to planet Planet:7, owner: 0, ships: 12
 108: Player 1 launched 5 (left 0) ships from planet 1 to planet 7
I'll send 5 ships from planet Planet:1, owner: 1, ships: 5 to planet Planet:7, owner: 0, ships: 7
 109: Player 1 launched 5 (left 0) ships from planet 1 to planet 7
I'll send 5 ships from planet Planet:1, owner: 1, ships: 5 to planet Planet:7, owner: 0, ships: 2
 110: Player 1 launched 5 (left 0) ships from planet 1 to planet 7
I'll send 5 ships from planet Planet:1, owner: 1, ships: 5 to planet Planet:8, owner: 0, ships: 73
 111: Player 1 launched 5 (left 0) ships from planet 1 to planet 8
I'll send 5 ships from planet Planet:1, owner: 1, ships: 5 to planet Planet:8, owner: 0, ships: 73
 112: Player 1 launched 5 (left 0) ships from planet 1 to planet 8
I'll send 5 ships from planet Planet:1, owner: 1, ships: 5 to planet Planet:8, owner: 0, ships: 73
 113: Player 1 launched 5 (left 0) ships from planet 1 to planet 8
I'll send 5 ships from planet Planet:1, owner: 1, ships: 5 to planet Planet:8, owner: 0, ships: 73
 114: Player 1 launched 5 (left 0) ships from planet 1 to planet 8
I'll send 5 ships from planet Planet:1, owner: 1, ships: 5 to planet Planet:8, owner: 0, ships: 73
 115: Player 1 launched 5 (left 0) ships from planet 1 to planet 8
I'll send 5 ships from planet Planet:1, owner: 1, ships: 5 to planet Planet:8, owner: 0, ships: 73
 116: Player 1 launched 5 (left 0) ships from planet 1 to planet 8
I'll send 5 ships from planet Planet:1, owner: 1, ships: 5 to planet Planet:8, owner: 0, ships: 73
 117: Player 1 launched 5 (left 0) ships from planet 1 to planet 8
I'll send 5 ships from planet Planet:1, owner: 1, ships: 5 to planet Planet:8, owner: 0, ships: 73
 118: Player 1 launched 5 (left 0) ships from planet 1 to planet 8
I'll send 5 ships from planet Planet:1, owner: 1, ships: 5 to planet Planet:8, owner: 0, ships: 73
 119: Player 1 launched 5 (left 0) ships from planet 1 to planet 8
I'll send 5 ships from planet Planet:1, owner: 1, ships: 5 to planet Planet:8, owner: 0, ships: 73
 120: Player 1 launched 5 (left 0) ships from planet 1 to planet 8
I'll send 5 ships from planet Planet:1, owner: 1, ships: 5 to planet Planet:8, owner: 0, ships: 73
 121: Player 1 launched 5 (left 0) ships from planet 1 to planet 8
I'll send 5 ships from planet Planet:1, owner: 1, ships: 5 to planet Planet:8, owner: 0, ships: 73
 122: Player 1 launched 5 (left 0) ships from planet 1 to planet 8
I'll send 5 ships from planet Planet:1, owner: 1, ships: 5 to planet Planet:8, owner: 0, ships: 68
 123: Player 1 launched 5 (left 0) ships from planet 1 to planet 8
I'll send 5 ships from planet Planet:1, owner: 1, ships: 5 to planet Planet:8, owner: 0, ships: 63
 124: Player 1 launched 5 (left 0) ships from planet 1 to planet 8
I'll send 580 ships from planet Planet:2, owner: 1, ships: 580 to planet Planet:1, owner: 2, ships: 70
 125: Player 1 launched 580 (left 0) ships from planet 2 to planet 1
I'll send 5 ships from planet Planet:2, owner: 1, ships: 5 to planet Planet:1, owner: 2, ships: 75
 126: Player 1 launched 5 (left 0) ships from planet 2 to planet 1
I'll send 5 ships from planet Planet:2, owner: 1, ships: 5 to planet Planet:1, owner: 2, ships: 75
 127: Player 1 launched 5 (left 0) ships from planet 2 to planet 1
I'll send 5 ships from planet Planet:2, owner: 1, ships: 5 to planet Planet:1, owner: 2, ships: 75
 128: Player 1 launched 5 (left 0) ships from planet 2 to planet 1
I'll send 5 ships from planet Planet:2, owner: 1, ships: 5 to planet Planet:1, owner: 2, ships: 75
 129: Player 1 launched 5 (left 0) ships from planet 2 to planet 1
I'll send 5 ships from planet Planet:2, owner: 1, ships: 5 to planet Planet:1, owner: 2, ships: 75
 130: Player 1 launched 5 (left 0) ships from planet 2 to planet 1
I'll send 5 ships from planet Planet:2, owner: 1, ships: 5 to planet Planet:1, owner: 2, ships: 75
 131: Player 1 launched 5 (left 0) ships from planet 2 to planet 1
I'll send 5 ships from planet Planet:2, owner: 1, ships: 5 to planet Planet:1, owner: 2, ships: 105
 132: Player 1 launched 5 (left 0) ships from planet 2 to planet 1
I'll send 5 ships from planet Planet:2, owner: 1, ships: 5 to planet Planet:1, owner: 2, ships: 32
 133: Player 1 launched 5 (left 0) ships from planet 2 to planet 1
I'll send 543 ships from planet Planet:1, owner: 1, ships: 543 to planet Planet:8, owner: 0, ships: 13
 134: Player 1 launched 543 (left 0) ships from planet 1 to planet 8
I'll send 10 ships from planet Planet:1, owner: 1, ships: 10 to planet Planet:8, owner: 0, ships: 8
 135: Player 1 launched 10 (left 0) ships from planet 1 to planet 8
I'll send 10 ships from planet Planet:1, owner: 1, ships: 10 to planet Planet:8, owner: 0, ships: 3
 136: Player 1 launched 10 (left 0) ships from planet 1 to planet 8
I'll send 10 ships from planet Planet:1, owner: 1, ships: 10 to planet Planet:8, owner: 0, ships: 3
 137: Player 1 launched 10 (left 0) ships from planet 1 to planet 8
I'll send 10 ships from planet Planet:1, owner: 1, ships: 10 to planet Planet:8, owner: 0, ships: 3
 138: Player 1 launched 10 (left 0) ships from planet 1 to planet 8
I'll send 10 ships from planet Planet:1, owner: 1, ships: 10 to planet Planet:8, owner: 0, ships: 3
 139: Player 1 launched 10 (left 0) ships from planet 1 to planet 8
I'll send 10 ships from planet Planet:1, owner: 1, ships: 10 to planet Planet:8, owner: 0, ships: 3
 140: Player 1 launched 10 (left 0) ships from planet 1 to planet 8
I'll send 10 ships from planet Planet:1, owner: 1, ships: 10 to planet Planet:8, owner: 0, ships: 3
 141: Player 1 launched 10 (left 0) ships from planet 1 to planet 8
I'll send 10 ships from planet Planet:1, owner: 1, ships: 10 to planet Planet:8, owner: 0, ships: 3
 142: Player 1 launched 10 (left 0) ships from planet 1 to planet 8
I'll send 5 ships from planet Planet:1, owner: 1, ships: 5 to planet Planet:8, owner: 0, ships: 3
 143: Player 1 launched 5 (left 0) ships from planet 1 to planet 8
I'll send 5 ships from planet Planet:1, owner: 1, ships: 5 to planet Planet:8, owner: 0, ships: 3
 144: Player 1 launched 5 (left 0) ships from planet 1 to planet 8
I'll send 5 ships from planet Planet:1, owner: 1, ships: 5 to planet Planet:8, owner: 0, ships: 3
 145: Player 1 launched 5 (left 0) ships from planet 1 to planet 8
I'll send 5 ships from planet Planet:1, owner: 1, ships: 5 to planet Planet:9, owner: 0, ships: 73
 146: Player 1 launched 5 (left 0) ships from planet 1 to planet 9
I'll send 5 ships from planet Planet:1, owner: 1, ships: 5 to planet Planet:9, owner: 0, ships: 73
 147: Player 1 launched 5 (left 0) ships from planet 1 to planet 9
I'll send 5 ships from planet Planet:1, owner: 1, ships: 5 to planet Planet:9, owner: 0, ships: 73
 148: Player 1 launched 5 (left 0) ships from planet 1 to planet 9
I'll send 5 ships from planet Planet:1, owner: 1, ships: 5 to planet Planet:9, owner: 0, ships: 73
 149: Player 1 launched 5 (left 0) ships from planet 1 to planet 9
I'll send 5 ships from planet Planet:1, owner: 1, ships: 5 to planet Planet:9, owner: 0, ships: 73
 150: Player 1 launched 5 (left 0) ships from planet 1 to planet 9
I'll send 5 ships from planet Planet:1, owner: 1, ships: 5 to planet Planet:9, owner: 0, ships: 73
 151: Player 1 launched 5 (left 0) ships from planet 1 to planet 9
I'll send 5 ships from planet Planet:1, owner: 1, ships: 5 to planet Planet:9, owner: 0, ships: 73
 152: Player 1 launched 5 (left 0) ships from planet 1 to planet 9
I'll send 5 ships from planet Planet:1, owner: 1, ships: 5 to planet Planet:9, owner: 0, ships: 73
 153: Player 1 launched 5 (left 0) ships from planet 1 to planet 9
I'll send 5 ships from planet Planet:1, owner: 1, ships: 5 to planet Planet:9, owner: 0, ships: 73
 154: Player 1 launched 5 (left 0) ships from planet 1 to planet 9
I'll send 5 ships from planet Planet:1, owner: 1, ships: 5 to planet Planet:9, owner: 0, ships: 73
 155: Player 1 launched 5 (left 0) ships from planet 1 to planet 9
I'll send 5 ships from planet Planet:1, owner: 1, ships: 5 to planet Planet:9, owner: 0, ships: 73
 156: Player 1 launched 5 (left 0) ships from planet 1 to planet 9
I'll send 5 ships from planet Planet:1, owner: 1, ships: 5 to planet Planet:9, owner: 0, ships: 73
 157: Player 1 launched 5 (left 0) ships from planet 1 to planet 9
I'll send 5 ships from planet Planet:1, owner: 1, ships: 5 to planet Planet:9, owner: 0, ships: 68
 158: Player 1 launched 5 (left 0) ships from planet 1 to planet 9
I'll send 5 ships from planet Planet:1, owner: 1, ships: 5 to planet Planet:9, owner: 0, ships: 63
 159: Player 1 launched 5 (left 0) ships from planet 1 to planet 9
I'll send 5 ships from planet Planet:1, owner: 1, ships: 5 to planet Planet:9, owner: 0, ships: 58
 160: Player 1 launched 5 (left 0) ships from planet 1 to planet 9
I'll send 5 ships from planet Planet:1, owner: 1, ships: 5 to planet Planet:9, owner: 0, ships: 53
 161: Player 1 launched 5 (left 0) ships from planet 1 to planet 9
I'll send 5 ships from planet Planet:1, owner: 1, ships: 5 to planet Planet:9, owner: 0, ships: 48
 162: Player 1 launched 5 (left 0) ships from planet 1 to planet 9
I'll send 5 ships from planet Planet:1, owner: 1, ships: 5 to planet Planet:9, owner: 0, ships: 43
 163: Player 1 launched 5 (left 0) ships from planet 1 to planet 9
I'll send 5 ships from planet Planet:1, owner: 1, ships: 5 to planet Planet:9, owner: 0, ships: 38
 164: Player 1 launched 5 (left 0) ships from planet 1 to planet 9
I'll send 5 ships from planet Planet:1, owner: 1, ships: 5 to planet Planet:9, owner: 0, ships: 33
 165: Player 1 launched 5 (left 0) ships from planet 1 to planet 9
I'll send 5 ships from planet Planet:1, owner: 1, ships: 5 to planet Planet:9, owner: 0, ships: 28
 166: Player 1 launched 5 (left 0) ships from planet 1 to planet 9
I'll send 5 ships from planet Planet:1, owner: 1, ships: 5 to planet Planet:9, owner: 0, ships: 23
 167: Player 1 launched 5 (left 0) ships from planet 1 to planet 9
I'll send 5 ships from planet Planet:1, owner: 1, ships: 5 to planet Planet:9, owner: 0, ships: 18
 168: Player 1 launched 5 (left 0) ships from planet 1 to planet 9
I'll send 5 ships from planet Planet:1, owner: 1, ships: 5 to planet Planet:9, owner: 0, ships: 13
 169: Player 1 launched 5 (left 0) ships from planet 1 to planet 9
I'll send 5 ships from planet Planet:1, owner: 1, ships: 5 to planet Planet:9, owner: 0, ships: 8
 170: Player 1 launched 5 (left 0) ships from planet 1 to planet 9
I'll send 5 ships from planet Planet:1, owner: 1, ships: 5 to planet Planet:9, owner: 0, ships: 3
 171: Player 1 launched 5 (left 0) ships from planet 1 to planet 9
I'll send 5 ships from planet Planet:1, owner: 1, ships: 5 to planet Planet:10, owner: 0, ships: 27
 172: Player 1 launched 5 (left 0) ships from planet 1 to planet 10
I'll send 5 ships from planet Planet:1, owner: 1, ships: 5 to planet Planet:10, owner: 0, ships: 27
 173: Player 1 launched 5 (left 0) ships from planet 1 to planet 10
I'll send 5 ships from planet Planet:1, owner: 1, ships: 5 to planet Planet:10, owner: 0, ships: 27
 174: Player 1 launched 5 (left 0) ships from planet 1 to planet 10
I'll send 5 ships from planet Planet:1, owner: 1, ships: 5 to planet Planet:10, owner: 0, ships: 27
 175: Player 1 launched 5 (left 0) ships from planet 1 to planet 10
I'll send 5 ships from planet Planet:1, owner: 1, ships: 5 to planet Planet:10, owner: 0, ships: 27
 176: Player 1 launched 5 (left 0) ships from planet 1 to planet 10
I'll send 5 ships from planet Planet:1, owner: 1, ships: 5 to planet Planet:10, owner: 0, ships: 27
 177: Player 1 launched 5 (left 0) ships from planet 1 to planet 10
I'll send 5 ships from planet Planet:1, owner: 1, ships: 5 to planet Planet:10, owner: 2, ships: 173
 178: Player 1 launched 5 (left 0) ships from planet 1 to planet 10
I'll send 5 ships from planet Planet:1, owner: 1, ships: 5 to planet Planet:10, owner: 2, ships: 177
 179: Player 1 launched 5 (left 0) ships from planet 1 to planet 10
I'll send 5 ships from planet Planet:1, owner: 1, ships: 5 to planet Planet:10, owner: 2, ships: 176
 180: Player 1 launched 5 (left 0) ships from planet 1 to planet 10
I'll send 5 ships from planet Planet:1, owner: 1, ships: 5 to planet Planet:10, owner: 2, ships: 175
 181: Player 1 launched 5 (left 0) ships from planet 1 to planet 10
I'll send 5 ships from planet Planet:1, owner: 1, ships: 5 to planet Planet:10, owner: 2, ships: 174
 182: Player 1 launched 5 (left 0) ships from planet 1 to planet 10
I'll send 5 ships from planet Planet:1, owner: 1, ships: 5 to planet Planet:10, owner: 2, ships: 173
 183: Player 1 launched 5 (left 0) ships from planet 1 to planet 10
I'll send 5 ships from planet Planet:1, owner: 1, ships: 5 to planet Planet:10, owner: 2, ships: 172
 184: Player 1 launched 5 (left 0) ships from planet 1 to planet 10
I'll send 5 ships from planet Planet:1, owner: 1, ships: 5 to planet Planet:10, owner: 2, ships: 171
 185: Player 1 launched 5 (left 0) ships from planet 1 to planet 10
I'll send 5 ships from planet Planet:1, owner: 1, ships: 5 to planet Planet:10, owner: 2, ships: 170
 186: Player 1 launched 5 (left 0) ships from planet 1 to planet 10
I'll send 5 ships from planet Planet:1, owner: 1, ships: 5 to planet Planet:10, owner: 2, ships: 169
 187: Player 1 launched 5 (left 0) ships from planet 1 to planet 10
I'll send 5 ships from planet Planet:1, owner: 1, ships: 5 to planet Planet:10, owner: 2, ships: 168
 188: Player 1 launched 5 (left 0) ships from planet 1 to planet 10
I'll send 5 ships from planet Planet:1, owner: 1, ships: 5 to planet Planet:10, owner: 2, ships: 167
 189: Player 1 launched 5 (left 0) ships from planet 1 to planet 10
I'll send 5 ships from planet Planet:1, owner: 1, ships: 5 to planet Planet:10, owner: 2, ships: 166
 190: Player 1 launched 5 (left 0) ships from planet 1 to planet 10
I'll send 5 ships from planet Planet:1, owner: 1, ships: 5 to planet Planet:9, owner: 2, ships: 34
 191: Player 1 launched 5 (left 0) ships from planet 1 to planet 9
I'll send 5 ships from planet Planet:1, owner: 1, ships: 5 to planet Planet:9, owner: 2, ships: 36
 192: Player 1 launched 5 (left 0) ships from planet 1 to planet 9
I'll send 5 ships from planet Planet:1, owner: 1, ships: 5 to planet Planet:9, owner: 2, ships: 38
 193: Player 1 launched 5 (left 0) ships from planet 1 to planet 9
I'll send 5 ships from planet Planet:1, owner: 1, ships: 5 to planet Planet:9, owner: 2, ships: 40
 194: Player 1 launched 5 (left 0) ships from planet 1 to planet 9
I'll send 5 ships from planet Planet:1, owner: 1, ships: 5 to planet Planet:9, owner: 2, ships: 42
 195: Player 1 launched 5 (left 0) ships from planet 1 to planet 9
I'll send 5 ships from planet Planet:1, owner: 1, ships: 5 to planet Planet:9, owner: 2, ships: 44
 196: Player 1 launched 5 (left 0) ships from planet 1 to planet 9
I'll send 5 ships from planet Planet:1, owner: 1, ships: 5 to planet Planet:9, owner: 2, ships: 46
 197: Player 1 launched 5 (left 0) ships from planet 1 to planet 9
I'll send 5 ships from planet Planet:1, owner: 1, ships: 5 to planet Planet:9, owner: 2, ships: 48
 198: Player 1 launched 5 (left 0) ships from planet 1 to planet 9
I'll send 5 ships from planet Planet:1, owner: 1, ships: 5 to planet Planet:9, owner: 2, ships: 50
 199: Player 1 launched 5 (left 0) ships from planet 1 to planet 9
I'll send 5 ships from planet Planet:1, owner: 1, ships: 5 to planet Planet:9, owner: 2, ships: 52
 200: Player 1 launched 5 (left 0) ships from planet 1 to planet 9
I'll send 5 ships from planet Planet:1, owner: 1, ships: 5 to planet Planet:9, owner: 2, ships: 54
 201: Player 1 launched 5 (left 0) ships from planet 1 to planet 9
I'll send 5 ships from planet Planet:1, owner: 1, ships: 5 to planet Planet:9, owner: 2, ships: 56
 202: Player 1 launched 5 (left 0) ships from planet 1 to planet 9
I'll send 5 ships from planet Planet:1, owner: 1, ships: 5 to planet Planet:9, owner: 2, ships: 53
 203: Player 1 launched 5 (left 0) ships from planet 1 to planet 9
I'll send 5 ships from planet Planet:1, owner: 1, ships: 5 to planet Planet:9, owner: 2, ships: 50
 204: Player 1 launched 5 (left 0) ships from planet 1 to planet 9
I'll send 5 ships from planet Planet:1, owner: 1, ships: 5 to planet Planet:9, owner: 2, ships: 47
 205: Player 1 launched 5 (left 0) ships from planet 1 to planet 9
I'll send 5 ships from planet Planet:1, owner: 1, ships: 5 to planet Planet:9, owner: 2, ships: 44
 206: Player 1 launched 5 (left 0) ships from planet 1 to planet 9
I'll send 5 ships from planet Planet:1, owner: 1, ships: 5 to planet Planet:9, owner: 2, ships: 41
 207: Player 1 launched 5 (left 0) ships from planet 1 to planet 9
I'll send 5 ships from planet Planet:1, owner: 1, ships: 5 to planet Planet:9, owner: 2, ships: 38
 208: Player 1 launched 5 (left 0) ships from planet 1 to planet 9
I'll send 5 ships from planet Planet:1, owner: 1, ships: 5 to planet Planet:9, owner: 2, ships: 35
 209: Player 1 launched 5 (left 0) ships from planet 1 to planet 9
I'll send 5 ships from planet Planet:1, owner: 1, ships: 5 to planet Planet:9, owner: 2, ships: 32
 210: Player 1 launched 5 (left 0) ships from planet 1 to planet 9
I'll send 5 ships from planet Planet:1, owner: 1, ships: 5 to planet Planet:9, owner: 2, ships: 29
 211: Player 1 launched 5 (left 0) ships from planet 1 to planet 9
I'll send 5 ships from planet Planet:1, owner: 1, ships: 5 to planet Planet:9, owner: 2, ships: 26
 212: Player 1 launched 5 (left 0) ships from planet 1 to planet 9
I'll send 5 ships from planet Planet:1, owner: 1, ships: 5 to planet Planet:9, owner: 2, ships: 23
 213: Player 1 launched 5 (left 0) ships from planet 1 to planet 9
I'll send 5 ships from planet Planet:1, owner: 1, ships: 5 to planet Planet:9, owner: 2, ships: 20
 214: Player 1 launched 5 (left 0) ships from planet 1 to planet 9
I'll send 5 ships from planet Planet:1, owner: 1, ships: 5 to planet Planet:9, owner: 2, ships: 17
 215: Player 1 launched 5 (left 0) ships from planet 1 to planet 9
I'll send 5 ships from planet Planet:1, owner: 1, ships: 5 to planet Planet:9, owner: 2, ships: 14
 216: Player 1 launched 5 (left 0) ships from planet 1 to planet 9
I'll send 5 ships from planet Planet:1, owner: 1, ships: 5 to planet Planet:9, owner: 2, ships: 11
 217: Player 1 launched 5 (left 0) ships from planet 1 to planet 9
I'll send 5 ships from planet Planet:1, owner: 1, ships: 5 to planet Planet:9, owner: 2, ships: 8
 218: Player 1 launched 5 (left 0) ships from planet 1 to planet 9
I'll send 5 ships from planet Planet:1, owner: 1, ships: 5 to planet Planet:9, owner: 2, ships: 5
 219: Player 1 launched 5 (left 0) ships from planet 1 to planet 9
I'll send 5 ships from planet Planet:1, owner: 1, ships: 5 to planet Planet:9, owner: 2, ships: 2
 220: Player 1 launched 5 (left 0) ships from planet 1 to planet 9
I'll send 5 ships from planet Planet:1, owner: 1, ships: 5 to planet Planet:10, owner: 2, ships: 159
 221: Player 1 launched 5 (left 0) ships from planet 1 to planet 10
I'll send 5 ships from planet Planet:1, owner: 1, ships: 5 to planet Planet:10, owner: 2, ships: 159
 222: Player 1 launched 5 (left 0) ships from planet 1 to planet 10
I'll send 5 ships from planet Planet:1, owner: 1, ships: 5 to planet Planet:10, owner: 2, ships: 159
 223: Player 1 launched 5 (left 0) ships from planet 1 to planet 10
I'll send 5 ships from planet Planet:1, owner: 1, ships: 5 to planet Planet:10, owner: 2, ships: 159
 224: Player 1 launched 5 (left 0) ships from planet 1 to planet 10
I'll send 5 ships from planet Planet:1, owner: 1, ships: 5 to planet Planet:10, owner: 2, ships: 159
 225: Player 1 launched 5 (left 0) ships from planet 1 to planet 10
I'll send 5 ships from planet Planet:1, owner: 1, ships: 5 to planet Planet:10, owner: 2, ships: 159
 226: Player 1 launched 5 (left 0) ships from planet 1 to planet 10
I'll send 5 ships from planet Planet:1, owner: 1, ships: 5 to planet Planet:10, owner: 2, ships: 78
 227: Player 1 launched 5 (left 0) ships from planet 1 to planet 10
I'll send 5 ships from planet Planet:1, owner: 1, ships: 5 to planet Planet:10, owner: 2, ships: 82
 228: Player 1 launched 5 (left 0) ships from planet 1 to planet 10
I'll send 5 ships from planet Planet:1, owner: 1, ships: 5 to planet Planet:10, owner: 2, ships: 81
 229: Player 1 launched 5 (left 0) ships from planet 1 to planet 10
I'll send 5 ships from planet Planet:1, owner: 1, ships: 5 to planet Planet:10, owner: 2, ships: 80
 230: Player 1 launched 5 (left 0) ships from planet 1 to planet 10
I'll send 5 ships from planet Planet:1, owner: 1, ships: 5 to planet Planet:10, owner: 2, ships: 79
 231: Player 1 launched 5 (left 0) ships from planet 1 to planet 10
I'll send 5 ships from planet Planet:1, owner: 1, ships: 5 to planet Planet:10, owner: 2, ships: 78
 232: Player 1 launched 5 (left 0) ships from planet 1 to planet 10
I'll send 5 ships from planet Planet:1, owner: 1, ships: 5 to planet Planet:10, owner: 2, ships: 77
 233: Player 1 launched 5 (left 0) ships from planet 1 to planet 10
I'll send 5 ships from planet Planet:1, owner: 1, ships: 5 to planet Planet:10, owner: 2, ships: 76
 234: Player 1 launched 5 (left 0) ships from planet 1 to planet 10
I'll send 5 ships from planet Planet:1, owner: 1, ships: 5 to planet Planet:10, owner: 2, ships: 75
 235: Player 1 launched 5 (left 0) ships from planet 1 to planet 10
I'll send 5 ships from planet Planet:1, owner: 1, ships: 5 to planet Planet:10, owner: 2, ships: 74
 236: Player 1 launched 5 (left 0) ships from planet 1 to planet 10
I'll send 5 ships from planet Planet:1, owner: 1, ships: 5 to planet Planet:9, owner: 2, ships: 108
 237: Player 1 launched 5 (left 0) ships from planet 1 to planet 9
I'll send 5 ships from planet Planet:1, owner: 1, ships: 5 to planet Planet:9, owner: 2, ships: 110
 238: Player 1 launched 5 (left 0) ships from planet 1 to planet 9
I'll send 5 ships from planet Planet:1, owner: 1, ships: 5 to planet Planet:9, owner: 2, ships: 112
 239: Player 1 launched 5 (left 0) ships from planet 1 to planet 9
I'll send 5 ships from planet Planet:1, owner: 1, ships: 5 to planet Planet:9, owner: 2, ships: 114
 240: Player 1 launched 5 (left 0) ships from planet 1 to planet 9
I'll send 5 ships from planet Planet:1, owner: 1, ships: 5 to planet Planet:9, owner: 2, ships: 116
 241: Player 1 launched 5 (left 0) ships from planet 1 to planet 9
I'll send 5 ships from planet Planet:1, owner: 1, ships: 5 to planet Planet:9, owner: 2, ships: 118
 242: Player 1 launched 5 (left 0) ships from planet 1 to planet 9
I'll send 5 ships from planet Planet:1, owner: 1, ships: 5 to planet Planet:9, owner: 2, ships: 120
 243: Player 1 launched 5 (left 0) ships from planet 1 to planet 9
I'll send 5 ships from planet Planet:1, owner: 1, ships: 5 to planet Planet:9, owner: 2, ships: 122
 244: Player 1 launched 5 (left 0) ships from planet 1 to planet 9
I'll send 5 ships from planet Planet:1, owner: 1, ships: 5 to planet Planet:9, owner: 2, ships: 124
 245: Player 1 launched 5 (left 0) ships from planet 1 to planet 9
I'll send 5 ships from planet Planet:1, owner: 1, ships: 5 to planet Planet:9, owner: 2, ships: 126
 246: Player 1 launched 5 (left 0) ships from planet 1 to planet 9
I'll send 5 ships from planet Planet:1, owner: 1, ships: 5 to planet Planet:9, owner: 2, ships: 128
 247: Player 1 launched 5 (left 0) ships from planet 1 to planet 9
I'll send 5 ships from planet Planet:1, owner: 1, ships: 5 to planet Planet:9, owner: 2, ships: 130
 248: Player 1 launched 5 (left 0) ships from planet 1 to planet 9
I'll send 5 ships from planet Planet:1, owner: 1, ships: 5 to planet Planet:9, owner: 2, ships: 127
 249: Player 1 launched 5 (left 0) ships from planet 1 to planet 9
I'll send 5 ships from planet Planet:1, owner: 1, ships: 5 to planet Planet:9, owner: 2, ships: 124
 250: Player 1 launched 5 (left 0) ships from planet 1 to planet 9
I'll send 5 ships from planet Planet:1, owner: 1, ships: 5 to planet Planet:9, owner: 2, ships: 121
 251: Player 1 launched 5 (left 0) ships from planet 1 to planet 9
I'll send 5 ships from planet Planet:1, owner: 1, ships: 5 to planet Planet:9, owner: 2, ships: 118
 252: Player 1 launched 5 (left 0) ships from planet 1 to planet 9
I'll send 5 ships from planet Planet:1, owner: 1, ships: 5 to planet Planet:9, owner: 2, ships: 115
 253: Player 1 launched 5 (left 0) ships from planet 1 to planet 9
I'll send 5 ships from planet Planet:1, owner: 1, ships: 5 to planet Planet:9, owner: 2, ships: 112
 254: Player 1 launched 5 (left 0) ships from planet 1 to planet 9
I'll send 5 ships from planet Planet:1, owner: 1, ships: 5 to planet Planet:9, owner: 2, ships: 109
 255: Player 1 launched 5 (left 0) ships from planet 1 to planet 9
I'll send 5 ships from planet Planet:1, owner: 1, ships: 5 to planet Planet:9, owner: 2, ships: 106
 256: Player 1 launched 5 (left 0) ships from planet 1 to planet 9
I'll send 5 ships from planet Planet:1, owner: 1, ships: 5 to planet Planet:9, owner: 2, ships: 103
 257: Player 1 launched 5 (left 0) ships from planet 1 to planet 9
I'll send 5 ships from planet Planet:1, owner: 1, ships: 5 to planet Planet:9, owner: 2, ships: 100
 258: Player 1 launched 5 (left 0) ships from planet 1 to planet 9
I'll send 5 ships from planet Planet:1, owner: 1, ships: 5 to planet Planet:9, owner: 2, ships: 97
 259: Player 1 launched 5 (left 0) ships from planet 1 to planet 9
I'll send 5 ships from planet Planet:1, owner: 1, ships: 5 to planet Planet:9, owner: 2, ships: 94
 260: Player 1 launched 5 (left 0) ships from planet 1 to planet 9
I'll send 5 ships from planet Planet:1, owner: 1, ships: 5 to planet Planet:9, owner: 2, ships: 91
 261: Player 1 launched 5 (left 0) ships from planet 1 to planet 9
I'll send 5 ships from planet Planet:1, owner: 1, ships: 5 to planet Planet:9, owner: 2, ships: 88
 262: Player 1 launched 5 (left 0) ships from planet 1 to planet 9
I'll send 5 ships from planet Planet:1, owner: 1, ships: 5 to planet Planet:9, owner: 2, ships: 85
 263: Player 1 launched 5 (left 0) ships from planet 1 to planet 9
I'll send 5 ships from planet Planet:1, owner: 1, ships: 5 to planet Planet:9, owner: 2, ships: 82
 264: Player 1 launched 5 (left 0) ships from planet 1 to planet 9
I'll send 5 ships from planet Planet:1, owner: 1, ships: 5 to planet Planet:9, owner: 2, ships: 79
 265: Player 1 launched 5 (left 0) ships from planet 1 to planet 9
I'll send 5 ships from planet Planet:1, owner: 1, ships: 5 to planet Planet:9, owner: 2, ships: 76
 266: Player 1 launched 5 (left 0) ships from planet 1 to planet 9
I'll send 5 ships from planet Planet:1, owner: 1, ships: 5 to planet Planet:9, owner: 2, ships: 73
 267: Player 1 launched 5 (left 0) ships from planet 1 to planet 9
I'll send 5 ships from planet Planet:1, owner: 1, ships: 5 to planet Planet:9, owner: 2, ships: 70
 268: Player 1 launched 5 (left 0) ships from planet 1 to planet 9
I'll send 5 ships from planet Planet:1, owner: 1, ships: 5 to planet Planet:9, owner: 2, ships: 67
 269: Player 1 launched 5 (left 0) ships from planet 1 to planet 9
I'll send 5 ships from planet Planet:1, owner: 1, ships: 5 to planet Planet:7, owner: 2, ships: 181
 270: Player 1 launched 5 (left 0) ships from planet 1 to planet 7
I'll send 5 ships from planet Planet:1, owner: 1, ships: 5 to planet Planet:7, owner: 2, ships: 184
 271: Player 1 launched 5 (left 0) ships from planet 1 to planet 7
I'll send 5 ships from planet Planet:1, owner: 1, ships: 5 to planet Planet:7, owner: 2, ships: 187
 272: Player 1 launched 5 (left 0) ships from planet 1 to planet 7
I'll send 5 ships from planet Planet:1, owner: 1, ships: 5 to planet Planet:7, owner: 2, ships: 190
 273: Player 1 launched 5 (left 0) ships from planet 1 to planet 7
I'll send 5 ships from planet Planet:1, owner: 1, ships: 5 to planet Planet:7, owner: 2, ships: 193
 274: Player 1 launched 5 (left 0) ships from planet 1 to planet 7
I'll send 5 ships from planet Planet:1, owner: 1, ships: 5 to planet Planet:7, owner: 2, ships: 196
 275: Player 1 launched 5 (left 0) ships from planet 1 to planet 7
I'll send 5 ships from planet Planet:1, owner: 1, ships: 5 to planet Planet:7, owner: 2, ships: 199
 276: Player 1 launched 5 (left 0) ships from planet 1 to planet 7
I'll send 5 ships from planet Planet:1, owner: 1, ships: 5 to planet Planet:7, owner: 2, ships: 202
 277: Player 1 launched 5 (left 0) ships from planet 1 to planet 7
I'll send 5 ships from planet Planet:1, owner: 1, ships: 5 to planet Planet:7, owner: 2, ships: 200
 278: Player 1 launched 5 (left 0) ships from planet 1 to planet 7
I'll send 5 ships from planet Planet:1, owner: 1, ships: 5 to planet Planet:7, owner: 2, ships: 198
 279: Player 1 launched 5 (left 0) ships from planet 1 to planet 7
I'll send 5 ships from planet Planet:1, owner: 1, ships: 5 to planet Planet:7, owner: 2, ships: 196
 280: Player 1 launched 5 (left 0) ships from planet 1 to planet 7
I'll send 5 ships from planet Planet:1, owner: 1, ships: 5 to planet Planet:7, owner: 2, ships: 194
 281: Player 1 launched 5 (left 0) ships from planet 1 to planet 7
I'll send 5 ships from planet Planet:1, owner: 1, ships: 5 to planet Planet:7, owner: 2, ships: 192
 282: Player 1 launched 5 (left 0) ships from planet 1 to planet 7
I'll send 5 ships from planet Planet:1, owner: 1, ships: 5 to planet Planet:7, owner: 2, ships: 190
 283: Player 1 launched 5 (left 0) ships from planet 1 to planet 7
I'll send 755 ships from planet Planet:2, owner: 1, ships: 755 to planet Planet:1, owner: 2, ships: 243
 284: Player 1 launched 755 (left 0) ships from planet 2 to planet 1
I'll send 5 ships from planet Planet:2, owner: 1, ships: 5 to planet Planet:1, owner: 2, ships: 243
 285: Player 1 launched 5 (left 0) ships from planet 2 to planet 1
I'll send 5 ships from planet Planet:2, owner: 1, ships: 5 to planet Planet:1, owner: 2, ships: 243
 286: Player 1 launched 5 (left 0) ships from planet 2 to planet 1
I'll send 5 ships from planet Planet:2, owner: 1, ships: 5 to planet Planet:1, owner: 2, ships: 243
 287: Player 1 launched 5 (left 0) ships from planet 2 to planet 1
I'll send 5 ships from planet Planet:2, owner: 1, ships: 5 to planet Planet:1, owner: 2, ships: 243
 288: Player 1 launched 5 (left 0) ships from planet 2 to planet 1
I'll send 5 ships from planet Planet:2, owner: 1, ships: 5 to planet Planet:1, owner: 2, ships: 243
 289: Player 1 launched 5 (left 0) ships from planet 2 to planet 1
I'll send 5 ships from planet Planet:2, owner: 1, ships: 5 to planet Planet:1, owner: 2, ships: 243
 290: Player 1 launched 5 (left 0) ships from planet 2 to planet 1
I'll send 5 ships from planet Planet:2, owner: 1, ships: 5 to planet Planet:1, owner: 2, ships: 278
 291: Player 1 launched 5 (left 0) ships from planet 2 to planet 1
I'll send 5 ships from planet Planet:2, owner: 1, ships: 5 to planet Planet:1, owner: 2, ships: 283
 292: Player 1 launched 5 (left 0) ships from planet 2 to planet 1
I'll send 467 ships from planet Planet:1, owner: 1, ships: 467 to planet Planet:7, owner: 2, ships: 180
 293: Player 1 launched 467 (left 0) ships from planet 1 to planet 7
I'll send 10 ships from planet Planet:1, owner: 1, ships: 10 to planet Planet:7, owner: 2, ships: 183
 294: Player 1 launched 10 (left 0) ships from planet 1 to planet 7
I'll send 10 ships from planet Planet:1, owner: 1, ships: 10 to planet Planet:7, owner: 2, ships: 186
 295: Player 1 launched 10 (left 0) ships from planet 1 to planet 7
I'll send 10 ships from planet Planet:1, owner: 1, ships: 10 to planet Planet:7, owner: 2, ships: 189
 296: Player 1 launched 10 (left 0) ships from planet 1 to planet 7
I'll send 10 ships from planet Planet:1, owner: 1, ships: 10 to planet Planet:7, owner: 2, ships: 192
 297: Player 1 launched 10 (left 0) ships from planet 1 to planet 7
I'll send 10 ships from planet Planet:1, owner: 1, ships: 10 to planet Planet:7, owner: 2, ships: 195
 298: Player 1 launched 10 (left 0) ships from planet 1 to planet 7
I'll send 10 ships from planet Planet:1, owner: 1, ships: 10 to planet Planet:7, owner: 2, ships: 198
 299: Player 1 launched 10 (left 0) ships from planet 1 to planet 7
I'll send 10 ships from planet Planet:1, owner: 1, ships: 10 to planet Planet:7, owner: 2, ships: 201
 300: Player 1 launched 10 (left 0) ships from planet 1 to planet 7
I'll send 10 ships from planet Planet:1, owner: 1, ships: 10 to planet Planet:9, owner: 2, ships: 71
 301: Player 1 launched 10 (left 0) ships from planet 1 to planet 9
I'll send 5 ships from planet Planet:1, owner: 1, ships: 5 to planet Planet:9, owner: 2, ships: 73
 302: Player 1 launched 5 (left 0) ships from planet 1 to planet 9
I'll send 5 ships from planet Planet:1, owner: 1, ships: 5 to planet Planet:9, owner: 2, ships: 75
 303: Player 1 launched 5 (left 0) ships from planet 1 to planet 9
I'll send 5 ships from planet Planet:1, owner: 1, ships: 5 to planet Planet:9, owner: 2, ships: 77
 304: Player 1 launched 5 (left 0) ships from planet 1 to planet 9
I'll send 5 ships from planet Planet:1, owner: 1, ships: 5 to planet Planet:9, owner: 2, ships: 79
 305: Player 1 launched 5 (left 0) ships from planet 1 to planet 9
I'll send 5 ships from planet Planet:1, owner: 1, ships: 5 to planet Planet:9, owner: 2, ships: 81
 306: Player 1 launched 5 (left 0) ships from planet 1 to planet 9
I'll send 5 ships from planet Planet:1, owner: 1, ships: 5 to planet Planet:9, owner: 2, ships: 83
 307: Player 1 launched 5 (left 0) ships from planet 1 to planet 9
I'll send 5 ships from planet Planet:1, owner: 1, ships: 5 to planet Planet:2, owner: 2, ships: 189
 308: Player 1 launched 5 (left 0) ships from planet 1 to planet 2
I'll send 5 ships from planet Planet:1, owner: 1, ships: 5 to planet Planet:2, owner: 2, ships: 194
 309: Player 1 launched 5 (left 0) ships from planet 1 to planet 2
I'll send 5 ships from planet Planet:1, owner: 1, ships: 5 to planet Planet:2, owner: 2, ships: 199
 310: Player 1 launched 5 (left 0) ships from planet 1 to planet 2
I'll send 5 ships from planet Planet:1, owner: 1, ships: 5 to planet Planet:2, owner: 2, ships: 204
 311: Player 1 launched 5 (left 0) ships from planet 1 to planet 2
I'll send 5 ships from planet Planet:1, owner: 1, ships: 5 to planet Planet:2, owner: 2, ships: 209
 312: Player 1 launched 5 (left 0) ships from planet 1 to planet 2
I'll send 5 ships from planet Planet:1, owner: 1, ships: 5 to planet Planet:2, owner: 2, ships: 214
 313: Player 1 launched 5 (left 0) ships from planet 1 to planet 2
I'll send 5 ships from planet Planet:1, owner: 1, ships: 5 to planet Planet:2, owner: 2, ships: 219
 314: Player 1 launched 5 (left 0) ships from planet 1 to planet 2
I'll send 5 ships from planet Planet:1, owner: 1, ships: 5 to planet Planet:2, owner: 2, ships: 224
 315: Player 1 launched 5 (left 0) ships from planet 1 to planet 2
I'll send 5 ships from planet Planet:1, owner: 1, ships: 5 to planet Planet:2, owner: 2, ships: 229
 316: Player 1 launched 5 (left 0) ships from planet 1 to planet 2
I'll send 5 ships from planet Planet:1, owner: 1, ships: 5 to planet Planet:2, owner: 2, ships: 229
 317: Player 1 launched 5 (left 0) ships from planet 1 to planet 2
I'll send 5 ships from planet Planet:1, owner: 1, ships: 5 to planet Planet:2, owner: 2, ships: 229
 318: Player 1 launched 5 (left 0) ships from planet 1 to planet 2
I'll send 1457 ships from planet Planet:3, owner: 1, ships: 1457 to planet Planet:1, owner: 2, ships: 258
 319: Player 1 launched 1457 (left 0) ships from planet 3 to planet 1
I'll send 5 ships from planet Planet:3, owner: 1, ships: 5 to planet Planet:1, owner: 2, ships: 258
 320: Player 1 launched 5 (left 0) ships from planet 3 to planet 1
I'll send 5 ships from planet Planet:3, owner: 1, ships: 5 to planet Planet:1, owner: 2, ships: 258
 321: Player 1 launched 5 (left 0) ships from planet 3 to planet 1
I'll send 5 ships from planet Planet:3, owner: 1, ships: 5 to planet Planet:1, owner: 2, ships: 258
 322: Player 1 launched 5 (left 0) ships from planet 3 to planet 1
I'll send 5 ships from planet Planet:3, owner: 1, ships: 5 to planet Planet:1, owner: 2, ships: 258
 323: Player 1 launched 5 (left 0) ships from planet 3 to planet 1
I'll send 5 ships from planet Planet:3, owner: 1, ships: 5 to planet Planet:1, owner: 2, ships: 258
 324: Player 1 launched 5 (left 0) ships from planet 3 to planet 1
I'll send 5 ships from planet Planet:3, owner: 1, ships: 5 to planet Planet:1, owner: 2, ships: 258
 325: Player 1 launched 5 (left 0) ships from planet 3 to planet 1
I'll send 5 ships from planet Planet:3, owner: 1, ships: 5 to planet Planet:1, owner: 2, ships: 293
 326: Player 1 launched 5 (left 0) ships from planet 3 to planet 1
I'll send 5 ships from planet Planet:3, owner: 1, ships: 5 to planet Planet:1, owner: 2, ships: 298
 327: Player 1 launched 5 (left 0) ships from planet 3 to planet 1
I'll send 1154 ships from planet Planet:1, owner: 1, ships: 1154 to planet Planet:2, owner: 2, ships: 234
 328: Player 1 launched 1154 (left 0) ships from planet 1 to planet 2
I'll send 10 ships from planet Planet:1, owner: 1, ships: 10 to planet Planet:2, owner: 2, ships: 239
 329: Player 1 launched 10 (left 0) ships from planet 1 to planet 2
I'll send 10 ships from planet Planet:1, owner: 1, ships: 10 to planet Planet:2, owner: 2, ships: 244
 330: Player 1 launched 10 (left 0) ships from planet 1 to planet 2
I'll send 10 ships from planet Planet:1, owner: 1, ships: 10 to planet Planet:2, owner: 2, ships: 249
 331: Player 1 launched 10 (left 0) ships from planet 1 to planet 2
I'll send 10 ships from planet Planet:1, owner: 1, ships: 10 to planet Planet:2, owner: 2, ships: 254
 332: Player 1 launched 10 (left 0) ships from planet 1 to planet 2
I'll send 10 ships from planet Planet:1, owner: 1, ships: 10 to planet Planet:2, owner: 2, ships: 259
 333: Player 1 launched 10 (left 0) ships from planet 1 to planet 2
I'll send 10 ships from planet Planet:1, owner: 1, ships: 10 to planet Planet:2, owner: 2, ships: 264
 334: Player 1 launched 10 (left 0) ships from planet 1 to planet 2
I'll send 10 ships from planet Planet:1, owner: 1, ships: 10 to planet Planet:2, owner: 2, ships: 269
 335: Player 1 launched 10 (left 0) ships from planet 1 to planet 2
I'll send 10 ships from planet Planet:1, owner: 1, ships: 10 to planet Planet:2, owner: 2, ships: 274
 336: Player 1 launched 10 (left 0) ships from planet 1 to planet 2
I'll send 5 ships from planet Planet:1, owner: 1, ships: 5 to planet Planet:9, owner: 2, ships: 103
 337: Player 1 launched 5 (left 0) ships from planet 1 to planet 9
I'll send 5 ships from planet Planet:1, owner: 1, ships: 5 to planet Planet:9, owner: 2, ships: 105
 338: Player 1 launched 5 (left 0) ships from planet 1 to planet 9
I'll send 5 ships from planet Planet:1, owner: 1, ships: 5 to planet Planet:9, owner: 2, ships: 107
 339: Player 1 launched 5 (left 0) ships from planet 1 to planet 9
I'll send 5 ships from planet Planet:1, owner: 1, ships: 5 to planet Planet:9, owner: 2, ships: 109
 340: Player 1 launched 5 (left 0) ships from planet 1 to planet 9
I'll send 5 ships from planet Planet:1, owner: 1, ships: 5 to planet Planet:9, owner: 2, ships: 111
 341: Player 1 launched 5 (left 0) ships from planet 1 to planet 9
I'll send 5 ships from planet Planet:1, owner: 1, ships: 5 to planet Planet:9, owner: 2, ships: 113
 342: Player 1 launched 5 (left 0) ships from planet 1 to planet 9
I'll send 5 ships from planet Planet:1, owner: 1, ships: 5 to planet Planet:9, owner: 2, ships: 115
 343: Player 1 launched 5 (left 0) ships from planet 1 to planet 9
I'll send 5 ships from planet Planet:1, owner: 1, ships: 5 to planet Planet:9, owner: 2, ships: 117
 344: Player 1 launched 5 (left 0) ships from planet 1 to planet 9
I'll send 5 ships from planet Planet:1, owner: 1, ships: 5 to planet Planet:9, owner: 2, ships: 119
 345: Player 1 launched 5 (left 0) ships from planet 1 to planet 9
I'll send 5 ships from planet Planet:1, owner: 1, ships: 5 to planet Planet:9, owner: 2, ships: 121
 346: Player 1 launched 5 (left 0) ships from planet 1 to planet 9
I'll send 5 ships from planet Planet:1, owner: 1, ships: 5 to planet Planet:3, owner: 2, ships: 197
 347: Player 1 launched 5 (left 0) ships from planet 1 to planet 3
I'll send 5 ships from planet Planet:1, owner: 1, ships: 5 to planet Planet:3, owner: 2, ships: 202
 348: Player 1 launched 5 (left 0) ships from planet 1 to planet 3
I'll send 5 ships from planet Planet:1, owner: 1, ships: 5 to planet Planet:3, owner: 2, ships: 207
 349: Player 1 launched 5 (left 0) ships from planet 1 to planet 3
I'll send 5 ships from planet Planet:1, owner: 1, ships: 5 to planet Planet:3, owner: 2, ships: 212
 350: Player 1 launched 5 (left 0) ships from planet 1 to planet 3
I'll send 5 ships from planet Planet:1, owner: 1, ships: 5 to planet Planet:3, owner: 2, ships: 217
 351: Player 1 launched 5 (left 0) ships from planet 1 to planet 3
I'll send 5 ships from planet Planet:1, owner: 1, ships: 5 to planet Planet:3, owner: 2, ships: 222
 352: Player 1 launched 5 (left 0) ships from planet 1 to planet 3
I'll send 5 ships from planet Planet:1, owner: 1, ships: 5 to planet Planet:3, owner: 2, ships: 227
 353: Player 1 launched 5 (left 0) ships from planet 1 to planet 3
I'll send 5 ships from planet Planet:1, owner: 1, ships: 5 to planet Planet:3, owner: 2, ships: 232
 354: Player 1 launched 5 (left 0) ships from planet 1 to planet 3
I'll send 5 ships from planet Planet:1, owner: 1, ships: 5 to planet Planet:3, owner: 2, ships: 237
 355: Player 1 launched 5 (left 0) ships from planet 1 to planet 3
I'll send 5 ships from planet Planet:1, owner: 1, ships: 5 to planet Planet:3, owner: 2, ships: 237
 356: Player 1 launched 5 (left 0) ships from planet 1 to planet 3
I'll send 5 ships from planet Planet:1, owner: 1, ships: 5 to planet Planet:3, owner: 2, ships: 237
 357: Player 1 launched 5 (left 0) ships from planet 1 to planet 3
I'll send 5 ships from planet Planet:1, owner: 1, ships: 5 to planet Planet:3, owner: 2, ships: 237
 358: Player 1 launched 5 (left 0) ships from planet 1 to planet 3
I'll send 5 ships from planet Planet:1, owner: 1, ships: 5 to planet Planet:3, owner: 2, ships: 237
 359: Player 1 launched 5 (left 0) ships from planet 1 to planet 3
I'll send 5 ships from planet Planet:1, owner: 1, ships: 5 to planet Planet:3, owner: 2, ships: 237
 360: Player 1 launched 5 (left 0) ships from planet 1 to planet 3
I'll send 5 ships from planet Planet:1, owner: 1, ships: 5 to planet Planet:3, owner: 2, ships: 237
 361: Player 1 launched 5 (left 0) ships from planet 1 to planet 3
I'll send 1080 ships from planet Planet:2, owner: 1, ships: 1080 to planet Planet:1, owner: 2, ships: 302
 362: Player 1 launched 1080 (left 0) ships from planet 2 to planet 1
I'll send 5 ships from planet Planet:2, owner: 1, ships: 5 to planet Planet:1, owner: 2, ships: 302
 363: Player 1 launched 5 (left 0) ships from planet 2 to planet 1
I'll send 5 ships from planet Planet:2, owner: 1, ships: 5 to planet Planet:1, owner: 2, ships: 302
 364: Player 1 launched 5 (left 0) ships from planet 2 to planet 1
I'll send 5 ships from planet Planet:2, owner: 1, ships: 5 to planet Planet:1, owner: 2, ships: 302
 365: Player 1 launched 5 (left 0) ships from planet 2 to planet 1
I'll send 5 ships from planet Planet:2, owner: 1, ships: 5 to planet Planet:1, owner: 2, ships: 302
 366: Player 1 launched 5 (left 0) ships from planet 2 to planet 1
I'll send 5 ships from planet Planet:2, owner: 1, ships: 5 to planet Planet:1, owner: 2, ships: 302
 367: Player 1 launched 5 (left 0) ships from planet 2 to planet 1
I'll send 5 ships from planet Planet:2, owner: 1, ships: 5 to planet Planet:1, owner: 2, ships: 302
 368: Player 1 launched 5 (left 0) ships from planet 2 to planet 1
I'll send 5 ships from planet Planet:2, owner: 1, ships: 5 to planet Planet:1, owner: 2, ships: 337
 369: Player 1 launched 5 (left 0) ships from planet 2 to planet 1
I'll send 5 ships from planet Planet:2, owner: 1, ships: 5 to planet Planet:1, owner: 2, ships: 342
 370: Player 1 launched 5 (left 0) ships from planet 2 to planet 1
I'll send 733 ships from planet Planet:1, owner: 1, ships: 733 to planet Planet:3, owner: 2, ships: 242
 371: Player 1 launched 733 (left 0) ships from planet 1 to planet 3
I'll send 10 ships from planet Planet:1, owner: 1, ships: 10 to planet Planet:3, owner: 2, ships: 247
 372: Player 1 launched 10 (left 0) ships from planet 1 to planet 3
I'll send 10 ships from planet Planet:1, owner: 1, ships: 10 to planet Planet:3, owner: 2, ships: 252
 373: Player 1 launched 10 (left 0) ships from planet 1 to planet 3
I'll send 10 ships from planet Planet:1, owner: 1, ships: 10 to planet Planet:3, owner: 2, ships: 257
 374: Player 1 launched 10 (left 0) ships from planet 1 to planet 3
I'll send 10 ships from planet Planet:1, owner: 1, ships: 10 to planet Planet:3, owner: 2, ships: 262
 375: Player 1 launched 10 (left 0) ships from planet 1 to planet 3
I'll send 10 ships from planet Planet:1, owner: 1, ships: 10 to planet Planet:3, owner: 2, ships: 267
 376: Player 1 launched 10 (left 0) ships from planet 1 to planet 3
I'll send 10 ships from planet Planet:1, owner: 1, ships: 10 to planet Planet:3, owner: 2, ships: 272
 377: Player 1 launched 10 (left 0) ships from planet 1 to planet 3
I'll send 10 ships from planet Planet:1, owner: 1, ships: 10 to planet Planet:3, owner: 2, ships: 277
 378: Player 1 launched 10 (left 0) ships from planet 1 to planet 3
I'll send 10 ships from planet Planet:1, owner: 1, ships: 10 to planet Planet:3, owner: 2, ships: 282
 379: Player 1 launched 10 (left 0) ships from planet 1 to planet 3
I'll send 5 ships from planet Planet:1, owner: 1, ships: 5 to planet Planet:7, owner: 2, ships: 174
 380: Player 1 launched 5 (left 0) ships from planet 1 to planet 7
I'll send 5 ships from planet Planet:1, owner: 1, ships: 5 to planet Planet:7, owner: 2, ships: 177
 381: Player 1 launched 5 (left 0) ships from planet 1 to planet 7
I'll send 5 ships from planet Planet:1, owner: 1, ships: 5 to planet Planet:7, owner: 2, ships: 180
 382: Player 1 launched 5 (left 0) ships from planet 1 to planet 7
I'll send 5 ships from planet Planet:1, owner: 1, ships: 5 to planet Planet:7, owner: 2, ships: 183
 383: Player 1 launched 5 (left 0) ships from planet 1 to planet 7
I'll send 5 ships from planet Planet:1, owner: 1, ships: 5 to planet Planet:7, owner: 2, ships: 186
 384: Player 1 launched 5 (left 0) ships from planet 1 to planet 7
I'll send 5 ships from planet Planet:1, owner: 1, ships: 5 to planet Planet:7, owner: 2, ships: 189
 385: Player 1 launched 5 (left 0) ships from planet 1 to planet 7
I'll send 5 ships from planet Planet:1, owner: 1, ships: 5 to planet Planet:7, owner: 2, ships: 192
 386: Player 1 launched 5 (left 0) ships from planet 1 to planet 7
I'll send 5 ships from planet Planet:1, owner: 1, ships: 5 to planet Planet:7, owner: 2, ships: 195
 387: Player 1 launched 5 (left 0) ships from planet 1 to planet 7
I'll send 5 ships from planet Planet:1, owner: 1, ships: 5 to planet Planet:7, owner: 2, ships: 193
 388: Player 1 launched 5 (left 0) ships from planet 1 to planet 7
I'll send 5 ships from planet Planet:1, owner: 1, ships: 5 to planet Planet:7, owner: 2, ships: 191
 389: Player 1 launched 5 (left 0) ships from planet 1 to planet 7
I'll send 5 ships from planet Planet:1, owner: 1, ships: 5 to planet Planet:7, owner: 2, ships: 189
 390: Player 1 launched 5 (left 0) ships from planet 1 to planet 7
I'll send 5 ships from planet Planet:1, owner: 1, ships: 5 to planet Planet:7, owner: 2, ships: 187
 391: Player 1 launched 5 (left 0) ships from planet 1 to planet 7
I'll send 5 ships from planet Planet:1, owner: 1, ships: 5 to planet Planet:7, owner: 2, ships: 185
 392: Player 1 launched 5 (left 0) ships from planet 1 to planet 7
I'll send 5 ships from planet Planet:1, owner: 1, ships: 5 to planet Planet:7, owner: 2, ships: 183
 393: Player 1 launched 5 (left 0) ships from planet 1 to planet 7
I'll send 5 ships from planet Planet:1, owner: 1, ships: 5 to planet Planet:7, owner: 2, ships: 181
 394: Player 1 launched 5 (left 0) ships from planet 1 to planet 7
I'll send 5 ships from planet Planet:1, owner: 1, ships: 5 to planet Planet:2, owner: 2, ships: 217
 395: Player 1 launched 5 (left 0) ships from planet 1 to planet 2
I'll send 5 ships from planet Planet:1, owner: 1, ships: 5 to planet Planet:2, owner: 2, ships: 222
 396: Player 1 launched 5 (left 0) ships from planet 1 to planet 2
I'll send 5 ships from planet Planet:1, owner: 1, ships: 5 to planet Planet:2, owner: 2, ships: 227
 397: Player 1 launched 5 (left 0) ships from planet 1 to planet 2
I'll send 5 ships from planet Planet:1, owner: 1, ships: 5 to planet Planet:2, owner: 2, ships: 232
 398: Player 1 launched 5 (left 0) ships from planet 1 to planet 2
I'll send 5 ships from planet Planet:1, owner: 1, ships: 5 to planet Planet:2, owner: 2, ships: 237
 399: Player 1 launched 5 (left 0) ships from planet 1 to planet 2
I'll send 5 ships from planet Planet:1, owner: 1, ships: 5 to planet Planet:2, owner: 2, ships: 242
 400: Player 1 launched 5 (left 0) ships from planet 1 to planet 2
I'll send 5 ships from planet Planet:1, owner: 1, ships: 5 to planet Planet:2, owner: 2, ships: 247
 401: Player 1 launched 5 (left 0) ships from planet 1 to planet 2
I'll send 5 ships from planet Planet:1, owner: 1, ships: 5 to planet Planet:2, owner: 2, ships: 252
 402: Player 1 launched 5 (left 0) ships from planet 1 to planet 2
I'll send 5 ships from planet Planet:1, owner: 1, ships: 5 to planet Planet:2, owner: 2, ships: 257
 403: Player 1 launched 5 (left 0) ships from planet 1 to planet 2
I'll send 5 ships from planet Planet:1, owner: 1, ships: 5 to planet Planet:2, owner: 2, ships: 257
 404: Player 1 launched 5 (left 0) ships from planet 1 to planet 2
I'll send 651 ships from planet Planet:3, owner: 1, ships: 651 to planet Planet:1, owner: 2, ships: 361
 405: Player 1 launched 651 (left 0) ships from planet 3 to planet 1
I'll send 5 ships from planet Planet:3, owner: 1, ships: 5 to planet Planet:1, owner: 2, ships: 361
 406: Player 1 launched 5 (left 0) ships from planet 3 to planet 1
I'll send 5 ships from planet Planet:3, owner: 1, ships: 5 to planet Planet:1, owner: 2, ships: 361
 407: Player 1 launched 5 (left 0) ships from planet 3 to planet 1
I'll send 5 ships from planet Planet:3, owner: 1, ships: 5 to planet Planet:1, owner: 2, ships: 361
 408: Player 1 launched 5 (left 0) ships from planet 3 to planet 1
I'll send 5 ships from planet Planet:3, owner: 1, ships: 5 to planet Planet:1, owner: 2, ships: 361
 409: Player 1 launched 5 (left 0) ships from planet 3 to planet 1
I'll send 5 ships from planet Planet:3, owner: 1, ships: 5 to planet Planet:1, owner: 2, ships: 361
 410: Player 1 launched 5 (left 0) ships from planet 3 to planet 1
I'll send 5 ships from planet Planet:3, owner: 1, ships: 5 to planet Planet:1, owner: 2, ships: 361
 411: Player 1 launched 5 (left 0) ships from planet 3 to planet 1
I'll send 5 ships from planet Planet:3, owner: 1, ships: 5 to planet Planet:1, owner: 2, ships: 396
 412: Player 1 launched 5 (left 0) ships from planet 3 to planet 1
I'll send 5 ships from planet Planet:3, owner: 1, ships: 5 to planet Planet:1, owner: 2, ships: 401
 413: Player 1 launched 5 (left 0) ships from planet 3 to planet 1
I'll send 245 ships from planet Planet:1, owner: 1, ships: 245 to planet Planet:2, owner: 2, ships: 262
 414: Player 1 launched 245 (left 0) ships from planet 1 to planet 2
I'll send 10 ships from planet Planet:1, owner: 1, ships: 10 to planet Planet:2, owner: 2, ships: 267
 415: Player 1 launched 10 (left 0) ships from planet 1 to planet 2
I'll send 10 ships from planet Planet:1, owner: 1, ships: 10 to planet Planet:2, owner: 2, ships: 272
 416: Player 1 launched 10 (left 0) ships from planet 1 to planet 2
I'll send 10 ships from planet Planet:1, owner: 1, ships: 10 to planet Planet:2, owner: 2, ships: 277
 417: Player 1 launched 10 (left 0) ships from planet 1 to planet 2
I'll send 10 ships from planet Planet:1, owner: 1, ships: 10 to planet Planet:2, owner: 2, ships: 282
 418: Player 1 launched 10 (left 0) ships from planet 1 to planet 2
I'll send 10 ships from planet Planet:1, owner: 1, ships: 10 to planet Planet:2, owner: 2, ships: 287
 419: Player 1 launched 10 (left 0) ships from planet 1 to planet 2
I'll send 10 ships from planet Planet:1, owner: 1, ships: 10 to planet Planet:2, owner: 2, ships: 292
 420: Player 1 launched 10 (left 0) ships from planet 1 to planet 2
I'll send 10 ships from planet Planet:1, owner: 1, ships: 10 to planet Planet:2, owner: 2, ships: 297
 421: Player 1 launched 10 (left 0) ships from planet 1 to planet 2
I'll send 10 ships from planet Planet:1, owner: 1, ships: 10 to planet Planet:2, owner: 2, ships: 302
 422: Player 1 launched 10 (left 0) ships from planet 1 to planet 2
I'll send 5 ships from planet Planet:1, owner: 1, ships: 5 to planet Planet:2, owner: 2, ships: 62
 423: Player 1 launched 5 (left 0) ships from planet 1 to planet 2
I'll send 5 ships from planet Planet:1, owner: 1, ships: 5 to planet Planet:2, owner: 2, ships: 57
 424: Player 1 launched 5 (left 0) ships from planet 1 to planet 2
I'll send 5 ships from planet Planet:1, owner: 1, ships: 5 to planet Planet:2, owner: 2, ships: 52
 425: Player 1 launched 5 (left 0) ships from planet 1 to planet 2
I'll send 5 ships from planet Planet:1, owner: 1, ships: 5 to planet Planet:2, owner: 2, ships: 47
 426: Player 1 launched 5 (left 0) ships from planet 1 to planet 2
I'll send 5 ships from planet Planet:1, owner: 1, ships: 5 to planet Planet:2, owner: 2, ships: 42
 427: Player 1 launched 5 (left 0) ships from planet 1 to planet 2
I'll send 5 ships from planet Planet:1, owner: 1, ships: 5 to planet Planet:2, owner: 2, ships: 37
 428: Player 1 launched 5 (left 0) ships from planet 1 to planet 2
I'll send 5 ships from planet Planet:1, owner: 1, ships: 5 to planet Planet:2, owner: 2, ships: 32
 429: Player 1 launched 5 (left 0) ships from planet 1 to planet 2
I'll send 5 ships from planet Planet:1, owner: 1, ships: 5 to planet Planet:2, owner: 2, ships: 27
 430: Player 1 launched 5 (left 0) ships from planet 1 to planet 2
I'll send 5 ships from planet Planet:1, owner: 1, ships: 5 to planet Planet:2, owner: 2, ships: 22
 431: Player 1 launched 5 (left 0) ships from planet 1 to planet 2
I'll send 5 ships from planet Planet:1, owner: 1, ships: 5 to planet Planet:2, owner: 2, ships: 22
 432: Player 1 launched 5 (left 0) ships from planet 1 to planet 2
I'll send 1206 ships from planet Planet:4, owner: 1, ships: 1206 to planet Planet:1, owner: 2, ships: 382
 433: Player 1 launched 1206 (left 0) ships from planet 4 to planet 1
I'll send 3 ships from planet Planet:4, owner: 1, ships: 3 to planet Planet:1, owner: 2, ships: 382
 434: Player 1 launched 3 (left 0) ships from planet 4 to planet 1
I'll send 3 ships from planet Planet:4, owner: 1, ships: 3 to planet Planet:1, owner: 2, ships: 382
 435: Player 1 launched 3 (left 0) ships from planet 4 to planet 1
I'll send 3 ships from planet Planet:4, owner: 1, ships: 3 to planet Planet:1, owner: 2, ships: 382
 436: Player 1 launched 3 (left 0) ships from planet 4 to planet 1
I'll send 3 ships from planet Planet:4, owner: 1, ships: 3 to planet Planet:1, owner: 2, ships: 382
 437: Player 1 launched 3 (left 0) ships from planet 4 to planet 1
I'll send 3 ships from planet Planet:4, owner: 1, ships: 3 to planet Planet:1, owner: 2, ships: 382
 438: Player 1 launched 3 (left 0) ships from planet 4 to planet 1
I'll send 3 ships from planet Planet:4, owner: 1, ships: 3 to planet Planet:1, owner: 2, ships: 382
 439: Player 1 launched 3 (left 0) ships from planet 4 to planet 1
I'll send 3 ships from planet Planet:4, owner: 1, ships: 3 to planet Planet:1, owner: 2, ships: 382
 440: Player 1 launched 3 (left 0) ships from planet 4 to planet 1
I'll send 3 ships from planet Planet:4, owner: 1, ships: 3 to planet Planet:1, owner: 2, ships: 422
 441: Player 1 launched 3 (left 0) ships from planet 4 to planet 1
I'll send 3 ships from planet Planet:4, owner: 1, ships: 3 to planet Planet:1, owner: 2, ships: 427
 442: Player 1 launched 3 (left 0) ships from planet 4 to planet 1
I'll send 774 ships from planet Planet:1, owner: 1, ships: 774 to planet Planet:2, owner: 2, ships: 32
 443: Player 1 launched 774 (left 0) ships from planet 1 to planet 2
I'll send 8 ships from planet Planet:1, owner: 1, ships: 8 to planet Planet:2, owner: 2, ships: 37
 444: Player 1 launched 8 (left 0) ships from planet 1 to planet 2
I'll send 8 ships from planet Planet:1, owner: 1, ships: 8 to planet Planet:2, owner: 2, ships: 42
 445: Player 1 launched 8 (left 0) ships from planet 1 to planet 2
I'll send 8 ships from planet Planet:1, owner: 1, ships: 8 to planet Planet:2, owner: 2, ships: 47
 446: Player 1 launched 8 (left 0) ships from planet 1 to planet 2
I'll send 8 ships from planet Planet:1, owner: 1, ships: 8 to planet Planet:2, owner: 2, ships: 52
 447: Player 1 launched 8 (left 0) ships from planet 1 to planet 2
I'll send 8 ships from planet Planet:1, owner: 1, ships: 8 to planet Planet:2, owner: 2, ships: 57
 448: Player 1 launched 8 (left 0) ships from planet 1 to planet 2
I'll send 8 ships from planet Planet:1, owner: 1, ships: 8 to planet Planet:2, owner: 2, ships: 62
 449: Player 1 launched 8 (left 0) ships from planet 1 to planet 2
I'll send 8 ships from planet Planet:1, owner: 1, ships: 8 to planet Planet:2, owner: 2, ships: 67
 450: Player 1 launched 8 (left 0) ships from planet 1 to planet 2
I'll send 8 ships from planet Planet:1, owner: 1, ships: 8 to planet Planet:2, owner: 2, ships: 72
 451: Player 1 launched 8 (left 0) ships from planet 1 to planet 2
I'll send 8 ships from planet Planet:1, owner: 1, ships: 8 to planet Planet:3, owner: 2, ships: 453
 452: Player 1 launched 8 (left 0) ships from planet 1 to planet 3
I'll send 5 ships from planet Planet:1, owner: 1, ships: 5 to planet Planet:3, owner: 2, ships: 458
 453: Player 1 launched 5 (left 0) ships from planet 1 to planet 3
I'll send 5 ships from planet Planet:1, owner: 1, ships: 5 to planet Planet:3, owner: 2, ships: 463
 454: Player 1 launched 5 (left 0) ships from planet 1 to planet 3
I'll send 5 ships from planet Planet:1, owner: 1, ships: 5 to planet Planet:3, owner: 2, ships: 468
 455: Player 1 launched 5 (left 0) ships from planet 1 to planet 3
I'll send 5 ships from planet Planet:1, owner: 1, ships: 5 to planet Planet:3, owner: 2, ships: 473
 456: Player 1 launched 5 (left 0) ships from planet 1 to planet 3
I'll send 5 ships from planet Planet:1, owner: 1, ships: 5 to planet Planet:3, owner: 2, ships: 478
 457: Player 1 launched 5 (left 0) ships from planet 1 to planet 3
I'll send 5 ships from planet Planet:1, owner: 1, ships: 5 to planet Planet:3, owner: 2, ships: 483
 458: Player 1 launched 5 (left 0) ships from planet 1 to planet 3
I'll send 5 ships from planet Planet:1, owner: 1, ships: 5 to planet Planet:3, owner: 2, ships: 488
 459: Player 1 launched 5 (left 0) ships from planet 1 to planet 3
I'll send 5 ships from planet Planet:1, owner: 1, ships: 5 to planet Planet:3, owner: 2, ships: 493
 460: Player 1 launched 5 (left 0) ships from planet 1 to planet 3
I'll send 5 ships from planet Planet:1, owner: 1, ships: 5 to planet Planet:3, owner: 2, ships: 490
 461: Player 1 launched 5 (left 0) ships from planet 1 to planet 3
I'll send 5 ships from planet Planet:1, owner: 1, ships: 5 to planet Planet:3, owner: 2, ships: 490
 462: Player 1 launched 5 (left 0) ships from planet 1 to planet 3
I'll send 5 ships from planet Planet:1, owner: 1, ships: 5 to planet Planet:3, owner: 2, ships: 490
 463: Player 1 launched 5 (left 0) ships from planet 1 to planet 3
I'll send 5 ships from planet Planet:1, owner: 1, ships: 5 to planet Planet:3, owner: 2, ships: 490
 464: Player 1 launched 5 (left 0) ships from planet 1 to planet 3
I'll send 5 ships from planet Planet:1, owner: 1, ships: 5 to planet Planet:3, owner: 2, ships: 490
 465: Player 1 launched 5 (left 0) ships from planet 1 to planet 3
I'll send 5 ships from planet Planet:1, owner: 1, ships: 5 to planet Planet:3, owner: 2, ships: 490
 466: Player 1 launched 5 (left 0) ships from planet 1 to planet 3
I'll send 5 ships from planet Planet:1, owner: 1, ships: 5 to planet Planet:3, owner: 2, ships: 490
 467: Player 1 launched 5 (left 0) ships from planet 1 to planet 3
I'll send 5 ships from planet Planet:1, owner: 1, ships: 5 to planet Planet:3, owner: 2, ships: 490
 468: Player 1 launched 5 (left 0) ships from planet 1 to planet 3
I'll send 5 ships from planet Planet:1, owner: 1, ships: 5 to planet Planet:3, owner: 2, ships: 490
 469: Player 1 launched 5 (left 0) ships from planet 1 to planet 3
I'll send 5 ships from planet Planet:1, owner: 1, ships: 5 to planet Planet:3, owner: 2, ships: 490
 470: Player 1 launched 5 (left 0) ships from planet 1 to planet 3
I'll send 5 ships from planet Planet:1, owner: 1, ships: 5 to planet Planet:3, owner: 2, ships: 490
 471: Player 1 launched 5 (left 0) ships from planet 1 to planet 3
I'll send 5 ships from planet Planet:1, owner: 1, ships: 5 to planet Planet:3, owner: 2, ships: 490
 472: Player 1 launched 5 (left 0) ships from planet 1 to planet 3
I'll send 866 ships from planet Planet:2, owner: 1, ships: 866 to planet Planet:1, owner: 2, ships: 420
 473: Player 1 launched 866 (left 0) ships from planet 2 to planet 1
I'll send 5 ships from planet Planet:2, owner: 1, ships: 5 to planet Planet:1, owner: 2, ships: 420
 474: Player 1 launched 5 (left 0) ships from planet 2 to planet 1
I'll send 5 ships from planet Planet:2, owner: 1, ships: 5 to planet Planet:1, owner: 2, ships: 420
 475: Player 1 launched 5 (left 0) ships from planet 2 to planet 1
I'll send 5 ships from planet Planet:2, owner: 1, ships: 5 to planet Planet:1, owner: 2, ships: 420
 476: Player 1 launched 5 (left 0) ships from planet 2 to planet 1
I'll send 5 ships from planet Planet:2, owner: 1, ships: 5 to planet Planet:1, owner: 2, ships: 420
 477: Player 1 launched 5 (left 0) ships from planet 2 to planet 1
I'll send 5 ships from planet Planet:2, owner: 1, ships: 5 to planet Planet:1, owner: 2, ships: 420
 478: Player 1 launched 5 (left 0) ships from planet 2 to planet 1
I'll send 5 ships from planet Planet:2, owner: 1, ships: 5 to planet Planet:1, owner: 2, ships: 420
 479: Player 1 launched 5 (left 0) ships from planet 2 to planet 1
I'll send 5 ships from planet Planet:2, owner: 1, ships: 5 to planet Planet:1, owner: 2, ships: 455
 480: Player 1 launched 5 (left 0) ships from planet 2 to planet 1
I'll send 5 ships from planet Planet:2, owner: 1, ships: 5 to planet Planet:1, owner: 2, ships: 460
 481: Player 1 launched 5 (left 0) ships from planet 2 to planet 1
I'll send 401 ships from planet Planet:1, owner: 1, ships: 401 to planet Planet:3, owner: 2, ships: 490
 482: Player 1 launched 401 (left 0) ships from planet 1 to planet 3
I'll send 10 ships from planet Planet:1, owner: 1, ships: 10 to planet Planet:3, owner: 2, ships: 490
 483: Player 1 launched 10 (left 0) ships from planet 1 to planet 3
I'll send 10 ships from planet Planet:1, owner: 1, ships: 10 to planet Planet:3, owner: 2, ships: 490
 484: Player 1 launched 10 (left 0) ships from planet 1 to planet 3
I'll send 10 ships from planet Planet:1, owner: 1, ships: 10 to planet Planet:3, owner: 2, ships: 490
 485: Player 1 launched 10 (left 0) ships from planet 1 to planet 3
I'll send 10 ships from planet Planet:1, owner: 1, ships: 10 to planet Planet:3, owner: 2, ships: 490
 486: Player 1 launched 10 (left 0) ships from planet 1 to planet 3
I'll send 10 ships from planet Planet:1, owner: 1, ships: 10 to planet Planet:3, owner: 2, ships: 490
 487: Player 1 launched 10 (left 0) ships from planet 1 to planet 3
I'll send 10 ships from planet Planet:1, owner: 1, ships: 10 to planet Planet:3, owner: 2, ships: 490
 488: Player 1 launched 10 (left 0) ships from planet 1 to planet 3
I'll send 10 ships from planet Planet:1, owner: 1, ships: 10 to planet Planet:3, owner: 2, ships: 530
 489: Player 1 launched 10 (left 0) ships from planet 1 to planet 3
I'll send 10 ships from planet Planet:1, owner: 1, ships: 10 to planet Planet:3, owner: 2, ships: 535
 490: Player 1 launched 10 (left 0) ships from planet 1 to planet 3
I'll send 5 ships from planet Planet:1, owner: 1, ships: 5 to planet Planet:3, owner: 2, ships: 139
 491: Player 1 launched 5 (left 0) ships from planet 1 to planet 3
I'll send 5 ships from planet Planet:1, owner: 1, ships: 5 to planet Planet:3, owner: 2, ships: 134
 492: Player 1 launched 5 (left 0) ships from planet 1 to planet 3
I'll send 5 ships from planet Planet:1, owner: 1, ships: 5 to planet Planet:3, owner: 2, ships: 129
 493: Player 1 launched 5 (left 0) ships from planet 1 to planet 3
I'll send 5 ships from planet Planet:1, owner: 1, ships: 5 to planet Planet:3, owner: 2, ships: 124
 494: Player 1 launched 5 (left 0) ships from planet 1 to planet 3
I'll send 5 ships from planet Planet:1, owner: 1, ships: 5 to planet Planet:3, owner: 2, ships: 119
 495: Player 1 launched 5 (left 0) ships from planet 1 to planet 3
I'll send 5 ships from planet Planet:1, owner: 1, ships: 5 to planet Planet:3, owner: 2, ships: 114
 496: Player 1 launched 5 (left 0) ships from planet 1 to planet 3
I'll send 5 ships from planet Planet:1, owner: 1, ships: 5 to planet Planet:3, owner: 2, ships: 109
 497: Player 1 launched 5 (left 0) ships from planet 1 to planet 3
I'll send 5 ships from planet Planet:1, owner: 1, ships: 5 to planet Planet:3, owner: 2, ships: 104
 498: Player 1 launched 5 (left 0) ships from planet 1 to planet 3
I'll send 5 ships from planet Planet:1, owner: 1, ships: 5 to planet Planet:3, owner: 2, ships: 99
 499: Player 1 launched 5 (left 0) ships from planet 1 to planet 3
