   1: Player 1 launched 105 (left 0) ships from planet 2 to planet 17
   1: Player 2 launched 105 (left 0) ships from planet 3 to planet 16
Invalid order modified - not enough ships. Max used.
Invalid order ignored - no ships to launch.
   3: Player 1 launched 10 (left 0) ships from planet 2 to planet 17
   5: Player 1 launched 10 (left 0) ships from planet 2 to planet 17
   5: Player 1 now owns planet 17
   5: Player 2 now owns planet 16
   6: Player 2 launched 18 (left 7) ships from planet 3 to planet 17
  19: Player 1 launched 70 (left 0) ships from planet 2 to planet 18
  24: Player 1 now owns planet 18
  26: Player 1 defended planet 17
  27: Player 1 launched 40 (left 0) ships from planet 2 to planet 23
  27: Player 2 launched 112 (left 0) ships from planet 3 to planet 19
Invalid order modified - not enough ships. Max used.
Invalid order ignored - no ships to launch.
  32: Player 2 now owns planet 19
  33: Player 2 launched 22 (left 8) ships from planet 3 to planet 4
  33: Player 1 now owns planet 23
  45: Player 1 launched 90 (left 0) ships from planet 2 to planet 12
  49: Player 2 now owns planet 4
  50: Player 2 launched 93 (left 0) ships from planet 3 to planet 22
Invalid order modified - not enough ships. Max used.
Invalid order ignored - no ships to launch.
  53: Player 1 now owns planet 12
  54: Player 1 launched 45 (left 0) ships from planet 2 to planet 6
  56: Player 2 now owns planet 22
  57: Player 2 launched 26 (left 9) ships from planet 3 to planet 5
  61: Player 1 launched 35 (left 0) ships from planet 2 to planet 6
  62: Player 1 now owns planet 6
  67: Player 2 now owns planet 5
  68: Player 2 launched 48 (left 16) ships from planet 3 to planet 6
  74: Player 1 launched 65 (left 0) ships from planet 2 to planet 9
  84: Player 1 now owns planet 9
  90: Player 1 defended planet 6
  91: Player 2 launched 131 (left 0) ships from planet 3 to planet 13
Invalid order modified - not enough ships. Max used.
Invalid order ignored - no ships to launch.
  99: Player 2 now owns planet 13
 100: Player 2 launched 45 (left 0) ships from planet 3 to planet 7
Invalid order modified - not enough ships. Max used.
Invalid order ignored - no ships to launch.
 108: Player 2 now owns planet 7
 109: Player 2 launched 33 (left 12) ships from planet 3 to planet 23
 125: Player 1 launched 255 (left 0) ships from planet 2 to planet 3
 130: Player 1 defended planet 23
 131: Player 2 launched 122 (left 0) ships from planet 3 to planet 8
Invalid order modified - not enough ships. Max used.
Invalid order ignored - no ships to launch.
 141: Player 2 now owns planet 8
 142: Player 2 launched 41 (left 14) ships from planet 3 to planet 20
 144: Player 1 launched 95 (left 0) ships from planet 2 to planet 3
 146: Player 1 now owns planet 3
 156: Player 2 now owns planet 20
 157: Player 2 launched 429 (left 0) ships from planet 4 to planet 15
Invalid order modified - not enough ships. Max used.
Invalid order ignored - no ships to launch.
 158: Player 1 launched 70 (left 0) ships from planet 2 to planet 4
 161: Player 2 now owns planet 15
 163: Player 1 launched 25 (left 0) ships from planet 2 to planet 4
 168: Player 2 launched 33 (left 11) ships from planet 4 to planet 21
 168: Player 1 now owns planet 4
 186: Player 2 launched 477 (left 0) ships from planet 5 to planet 21
Invalid order modified - not enough ships. Max used.
Invalid order ignored - no ships to launch.
 187: Player 1 launched 120 (left 0) ships from planet 2 to planet 1
 189: Player 2 now owns planet 21
 197: Player 1 now owns planet 1
 202: Player 2 launched 48 (left 16) ships from planet 5 to planet 9
 213: Player 1 defended planet 9
 217: Player 2 launched 76 (left 0) ships from planet 5 to planet 14
Invalid order modified - not enough ships. Max used.
Invalid order ignored - no ships to launch.
 221: Player 2 now owns planet 14
 236: Player 2 launched 76 (left 0) ships from planet 5 to planet 11
Invalid order modified - not enough ships. Max used.
Invalid order ignored - no ships to launch.
 244: Player 2 now owns planet 11
 255: Player 2 launched 57 (left 19) ships from planet 5 to planet 10
 275: Player 2 launched 74 (left 25) ships from planet 5 to planet 10
 294: Player 2 now owns planet 10
 295: Player 2 launched 78 (left 27) ships from planet 5 to planet 12
 306: Player 1 defended planet 12
 314: Player 2 launched 77 (left 26) ships from planet 5 to planet 2
 330: Player 1 defended planet 2
 334: Player 2 launched 79 (left 27) ships from planet 5 to planet 6
 355: Player 1 defended planet 6
 356: Player 2 launched 115 (left 0) ships from planet 5 to planet 1
Invalid order modified - not enough ships. Max used.
Invalid order ignored - no ships to launch.
 364: Player 2 now owns planet 1
 365: Player 1 launched 813 (left 0) ships from planet 2 to planet 1
 366: Player 1 launched 5 (left 0) ships from planet 2 to planet 1
 367: Player 1 launched 5 (left 0) ships from planet 2 to planet 1
 368: Player 1 launched 5 (left 0) ships from planet 2 to planet 1
 369: Player 1 launched 5 (left 0) ships from planet 2 to planet 1
 370: Player 1 launched 5 (left 0) ships from planet 2 to planet 1
 371: Player 1 launched 5 (left 0) ships from planet 2 to planet 1
 372: Player 1 launched 5 (left 0) ships from planet 2 to planet 1
 373: Player 1 launched 5 (left 0) ships from planet 2 to planet 1
