   1: Player 1 launched 78 (left 27) ships from planet 2 to planet 16
  21: Player 1 now owns planet 16
  22: Player 1 launched 99 (left 33) ships from planet 2 to planet 17
  36: Player 1 now owns planet 17
  37: Player 1 launched 81 (left 27) ships from planet 2 to planet 22
  50: Player 1 now owns planet 22
  51: Player 1 launched 77 (left 26) ships from planet 17 to planet 23
  74: Player 1 now owns planet 23
  75: Player 1 launched 162 (left 55) ships from planet 2 to planet 12
  90: Player 1 now owns planet 12
  91: Player 1 launched 107 (left 36) ships from planet 12 to planet 13
 109: Player 1 now owns planet 13
 110: Player 1 launched 172 (left 58) ships from planet 2 to planet 10
 121: Player 1 now owns planet 10
 122: Player 1 launched 153 (left 52) ships from planet 22 to planet 11
 138: Player 1 now owns planet 11
 139: Player 1 launched 159 (left 54) ships from planet 10 to planet 20
 151: Player 1 now owns planet 20
 152: Player 1 launched 201 (left 67) ships from planet 2 to planet 21
 170: Player 1 now owns planet 21
 171: Player 1 launched 190 (left 64) ships from planet 11 to planet 14
 188: Player 1 now owns planet 14
 189: Player 1 launched 215 (left 72) ships from planet 23 to planet 15
 190: Player 1 now owns planet 15
 191: Player 1 launched 216 (left 72) ships from planet 20 to planet 18
 204: Player 1 now owns planet 18
 205: Player 1 launched 249 (left 83) ships from planet 2 to planet 19
 215: Player 1 now owns planet 19
 216: Player 1 launched 271 (left 91) ships from planet 10 to planet 4
 226: Player 1 now owns planet 4
 227: Player 1 launched 298 (left 100) ships from planet 21 to planet 5
 246: Player 1 now owns planet 5
 247: Player 1 launched 300 (left 100) ships from planet 15 to planet 6
 263: Player 1 now owns planet 6
 264: Player 1 launched 338 (left 113) ships from planet 14 to planet 7
 280: Player 1 now owns planet 7
 281: Player 1 launched 378 (left 126) ships from planet 11 to planet 8
 293: Player 1 now owns planet 8
 294: Player 1 launched 396 (left 132) ships from planet 2 to planet 9
 313: Player 1 now owns planet 9
 314: Player 1 launched 423 (left 141) ships from planet 20 to planet 1
 324: Player 1 now owns planet 1
 325: Player 1 launched 395 (left 132) ships from planet 10 to planet 3
 335: Player 2 defended planet 3
 336: Player 1 launched 405 (left 135) ships from planet 13 to planet 3
 351: Player 2 defended planet 3
 352: Player 1 launched 450 (left 150) ships from planet 21 to planet 3
 355: Player 2 defended planet 3
 356: Player 1 launched 448 (left 150) ships from planet 4 to planet 3
 358: Player 2 defended planet 3
 359: Player 1 launched 430 (left 144) ships from planet 5 to planet 3
 376: Player 1 now owns planet 3
